{"/home/jaskaran/fun/programming-timer/public/build/bundle.js":{"path":"/home/jaskaran/fun/programming-timer/public/build/bundle.js","statementMap":{"0":{"start":{"line":2,"column":0},"end":{"line":2,"column":284}},"1":{"start":{"line":2,"column":18},"end":{"line":2,"column":67}},"2":{"start":{"line":2,"column":60},"end":{"line":2,"column":67}},"3":{"start":{"line":2,"column":68},"end":{"line":2,"column":98}},"4":{"start":{"line":2,"column":99},"end":{"line":2,"column":111}},"5":{"start":{"line":2,"column":112},"end":{"line":2,"column":214}},"6":{"start":{"line":2,"column":215},"end":{"line":2,"column":241}},"7":{"start":{"line":2,"column":242},"end":{"line":2,"column":263}},"8":{"start":{"line":3,"column":11},"end":{"line":1114,"column":3}},"9":{"start":{"line":8,"column":8},"end":{"line":10,"column":10}},"10":{"start":{"line":13,"column":8},"end":{"line":13,"column":20}},"11":{"start":{"line":16,"column":8},"end":{"line":16,"column":35}},"12":{"start":{"line":19,"column":8},"end":{"line":19,"column":25}},"13":{"start":{"line":22,"column":8},"end":{"line":22,"column":43}},"14":{"start":{"line":25,"column":8},"end":{"line":25,"column":102}},"15":{"start":{"line":29,"column":8},"end":{"line":29,"column":33}},"16":{"start":{"line":32,"column":8},"end":{"line":32,"column":50}},"17":{"start":{"line":35,"column":8},"end":{"line":35,"column":42}},"18":{"start":{"line":38,"column":8},"end":{"line":41,"column":9}},"19":{"start":{"line":38,"column":21},"end":{"line":38,"column":22}},"20":{"start":{"line":39,"column":12},"end":{"line":40,"column":43}},"21":{"start":{"line":40,"column":16},"end":{"line":40,"column":43}},"22":{"start":{"line":44,"column":8},"end":{"line":44,"column":44}},"23":{"start":{"line":47,"column":8},"end":{"line":47,"column":45}},"24":{"start":{"line":50,"column":8},"end":{"line":50,"column":25}},"25":{"start":{"line":53,"column":8},"end":{"line":53,"column":24}},"26":{"start":{"line":56,"column":8},"end":{"line":56,"column":55}},"27":{"start":{"line":57,"column":8},"end":{"line":57,"column":71}},"28":{"start":{"line":57,"column":21},"end":{"line":57,"column":70}},"29":{"start":{"line":60,"column":8},"end":{"line":63,"column":48}},"30":{"start":{"line":61,"column":12},"end":{"line":61,"column":44}},"31":{"start":{"line":62,"column":13},"end":{"line":63,"column":48}},"32":{"start":{"line":63,"column":12},"end":{"line":63,"column":48}},"33":{"start":{"line":66,"column":8},"end":{"line":66,"column":46}},"34":{"start":{"line":69,"column":18},"end":{"line":69,"column":53}},"35":{"start":{"line":70,"column":8},"end":{"line":70,"column":54}},"36":{"start":{"line":71,"column":8},"end":{"line":71,"column":17}},"37":{"start":{"line":76,"column":8},"end":{"line":76,"column":38}},"38":{"start":{"line":79,"column":29},"end":{"line":79,"column":31}},"39":{"start":{"line":80,"column":30},"end":{"line":80,"column":32}},"40":{"start":{"line":81,"column":29},"end":{"line":81,"column":31}},"41":{"start":{"line":82,"column":28},"end":{"line":82,"column":30}},"42":{"start":{"line":83,"column":29},"end":{"line":83,"column":46}},"43":{"start":{"line":84,"column":27},"end":{"line":84,"column":32}},"44":{"start":{"line":86,"column":8},"end":{"line":89,"column":9}},"45":{"start":{"line":87,"column":12},"end":{"line":87,"column":36}},"46":{"start":{"line":88,"column":12},"end":{"line":88,"column":41}},"47":{"start":{"line":92,"column":8},"end":{"line":92,"column":34}},"48":{"start":{"line":94,"column":19},"end":{"line":94,"column":24}},"49":{"start":{"line":95,"column":27},"end":{"line":95,"column":36}},"50":{"start":{"line":97,"column":8},"end":{"line":98,"column":19}},"51":{"start":{"line":98,"column":12},"end":{"line":98,"column":19}},"52":{"start":{"line":99,"column":8},"end":{"line":99,"column":24}},"53":{"start":{"line":100,"column":8},"end":{"line":123,"column":42}},"54":{"start":{"line":103,"column":12},"end":{"line":107,"column":13}},"55":{"start":{"line":103,"column":25},"end":{"line":103,"column":26}},"56":{"start":{"line":104,"column":34},"end":{"line":104,"column":53}},"57":{"start":{"line":105,"column":16},"end":{"line":105,"column":49}},"58":{"start":{"line":106,"column":16},"end":{"line":106,"column":37}},"59":{"start":{"line":108,"column":12},"end":{"line":108,"column":40}},"60":{"start":{"line":109,"column":12},"end":{"line":110,"column":42}},"61":{"start":{"line":110,"column":16},"end":{"line":110,"column":42}},"62":{"start":{"line":114,"column":12},"end":{"line":121,"column":13}},"63":{"start":{"line":114,"column":25},"end":{"line":114,"column":26}},"64":{"start":{"line":115,"column":33},"end":{"line":115,"column":52}},"65":{"start":{"line":116,"column":16},"end":{"line":120,"column":17}},"66":{"start":{"line":118,"column":20},"end":{"line":118,"column":49}},"67":{"start":{"line":119,"column":20},"end":{"line":119,"column":31}},"68":{"start":{"line":122,"column":12},"end":{"line":122,"column":40}},"69":{"start":{"line":124,"column":8},"end":{"line":126,"column":9}},"70":{"start":{"line":125,"column":12},"end":{"line":125,"column":36}},"71":{"start":{"line":127,"column":8},"end":{"line":127,"column":33}},"72":{"start":{"line":128,"column":8},"end":{"line":128,"column":25}},"73":{"start":{"line":129,"column":8},"end":{"line":129,"column":31}},"74":{"start":{"line":132,"column":8},"end":{"line":139,"column":9}},"75":{"start":{"line":133,"column":12},"end":{"line":133,"column":24}},"76":{"start":{"line":134,"column":12},"end":{"line":134,"column":38}},"77":{"start":{"line":135,"column":26},"end":{"line":135,"column":34}},"78":{"start":{"line":136,"column":12},"end":{"line":136,"column":28}},"79":{"start":{"line":137,"column":12},"end":{"line":137,"column":56}},"80":{"start":{"line":138,"column":12},"end":{"line":138,"column":57}},"81":{"start":{"line":141,"column":21},"end":{"line":141,"column":30}},"82":{"start":{"line":144,"column":8},"end":{"line":147,"column":9}},"83":{"start":{"line":145,"column":12},"end":{"line":145,"column":35}},"84":{"start":{"line":146,"column":12},"end":{"line":146,"column":27}},"85":{"start":{"line":150,"column":8},"end":{"line":163,"column":9}},"86":{"start":{"line":151,"column":12},"end":{"line":152,"column":23}},"87":{"start":{"line":152,"column":16},"end":{"line":152,"column":23}},"88":{"start":{"line":153,"column":12},"end":{"line":153,"column":32}},"89":{"start":{"line":154,"column":12},"end":{"line":161,"column":15}},"90":{"start":{"line":155,"column":16},"end":{"line":155,"column":39}},"91":{"start":{"line":156,"column":16},"end":{"line":160,"column":17}},"92":{"start":{"line":157,"column":20},"end":{"line":158,"column":35}},"93":{"start":{"line":158,"column":24},"end":{"line":158,"column":35}},"94":{"start":{"line":159,"column":20},"end":{"line":159,"column":31}},"95":{"start":{"line":162,"column":12},"end":{"line":162,"column":27}},"96":{"start":{"line":166,"column":8},"end":{"line":166,"column":27}},"97":{"start":{"line":169,"column":65},"end":{"line":169,"column":77}},"98":{"start":{"line":170,"column":8},"end":{"line":170,"column":47}},"99":{"start":{"line":172,"column":8},"end":{"line":183,"column":11}},"100":{"start":{"line":173,"column":35},"end":{"line":173,"column":72}},"101":{"start":{"line":174,"column":12},"end":{"line":181,"column":13}},"102":{"start":{"line":175,"column":16},"end":{"line":175,"column":51}},"103":{"start":{"line":180,"column":16},"end":{"line":180,"column":40}},"104":{"start":{"line":182,"column":12},"end":{"line":182,"column":39}},"105":{"start":{"line":184,"column":8},"end":{"line":184,"column":50}},"106":{"start":{"line":187,"column":19},"end":{"line":187,"column":31}},"107":{"start":{"line":188,"column":8},"end":{"line":195,"column":9}},"108":{"start":{"line":189,"column":12},"end":{"line":189,"column":35}},"109":{"start":{"line":190,"column":12},"end":{"line":190,"column":52}},"110":{"start":{"line":193,"column":12},"end":{"line":193,"column":47}},"111":{"start":{"line":194,"column":12},"end":{"line":194,"column":24}},"112":{"start":{"line":198,"column":8},"end":{"line":202,"column":9}},"113":{"start":{"line":199,"column":12},"end":{"line":199,"column":45}},"114":{"start":{"line":200,"column":12},"end":{"line":200,"column":30}},"115":{"start":{"line":201,"column":12},"end":{"line":201,"column":39}},"116":{"start":{"line":203,"column":8},"end":{"line":203,"column":60}},"117":{"start":{"line":206,"column":33},"end":{"line":206,"column":50}},"118":{"start":{"line":207,"column":8},"end":{"line":207,"column":41}},"119":{"start":{"line":208,"column":28},"end":{"line":208,"column":47}},"120":{"start":{"line":209,"column":19},"end":{"line":226,"column":9}},"121":{"start":{"line":227,"column":20},"end":{"line":227,"column":25}},"122":{"start":{"line":228,"column":8},"end":{"line":239,"column":17}},"123":{"start":{"line":230,"column":30},"end":{"line":230,"column":57}},"124":{"start":{"line":231,"column":16},"end":{"line":236,"column":17}},"125":{"start":{"line":232,"column":20},"end":{"line":233,"column":43}},"126":{"start":{"line":233,"column":24},"end":{"line":233,"column":43}},"127":{"start":{"line":234,"column":20},"end":{"line":235,"column":49}},"128":{"start":{"line":235,"column":24},"end":{"line":235,"column":49}},"129":{"start":{"line":237,"column":16},"end":{"line":237,"column":27}},"130":{"start":{"line":240,"column":8},"end":{"line":240,"column":20}},"131":{"start":{"line":241,"column":8},"end":{"line":241,"column":21}},"132":{"start":{"line":242,"column":8},"end":{"line":242,"column":34}},"133":{"start":{"line":244,"column":8},"end":{"line":244,"column":72}},"134":{"start":{"line":245,"column":8},"end":{"line":260,"column":9}},"135":{"start":{"line":246,"column":12},"end":{"line":255,"column":13}},"136":{"start":{"line":247,"column":30},"end":{"line":247,"column":54}},"137":{"start":{"line":249,"column":16},"end":{"line":249,"column":52}},"138":{"start":{"line":250,"column":16},"end":{"line":250,"column":38}},"139":{"start":{"line":254,"column":16},"end":{"line":254,"column":47}},"140":{"start":{"line":256,"column":12},"end":{"line":257,"column":53}},"141":{"start":{"line":257,"column":16},"end":{"line":257,"column":53}},"142":{"start":{"line":258,"column":12},"end":{"line":258,"column":71}},"143":{"start":{"line":259,"column":12},"end":{"line":259,"column":20}},"144":{"start":{"line":261,"column":8},"end":{"line":261,"column":48}},"145":{"start":{"line":265,"column":12},"end":{"line":265,"column":39}},"146":{"start":{"line":266,"column":12},"end":{"line":266,"column":33}},"147":{"start":{"line":269,"column":31},"end":{"line":269,"column":88}},"148":{"start":{"line":270,"column":12},"end":{"line":270,"column":37}},"149":{"start":{"line":271,"column":12},"end":{"line":275,"column":14}},"150":{"start":{"line":272,"column":30},"end":{"line":272,"column":57}},"151":{"start":{"line":273,"column":16},"end":{"line":274,"column":47}},"152":{"start":{"line":274,"column":20},"end":{"line":274,"column":47}},"153":{"start":{"line":283,"column":8},"end":{"line":283,"column":97}},"154":{"start":{"line":286,"column":8},"end":{"line":286,"column":58}},"155":{"start":{"line":287,"column":8},"end":{"line":287,"column":29}},"156":{"start":{"line":290,"column":8},"end":{"line":290,"column":66}},"157":{"start":{"line":291,"column":8},"end":{"line":291,"column":37}},"158":{"start":{"line":294,"column":8},"end":{"line":294,"column":50}},"159":{"start":{"line":295,"column":8},"end":{"line":295,"column":21}},"160":{"start":{"line":298,"column":26},"end":{"line":298,"column":106}},"161":{"start":{"line":299,"column":8},"end":{"line":300,"column":45}},"162":{"start":{"line":300,"column":12},"end":{"line":300,"column":45}},"163":{"start":{"line":301,"column":8},"end":{"line":302,"column":46}},"164":{"start":{"line":302,"column":12},"end":{"line":302,"column":46}},"165":{"start":{"line":303,"column":8},"end":{"line":303,"column":87}},"166":{"start":{"line":304,"column":24},"end":{"line":304,"column":61}},"167":{"start":{"line":305,"column":8},"end":{"line":308,"column":10}},"168":{"start":{"line":306,"column":12},"end":{"line":306,"column":94}},"169":{"start":{"line":307,"column":12},"end":{"line":307,"column":22}},"170":{"start":{"line":311,"column":8},"end":{"line":311,"column":37}},"171":{"start":{"line":312,"column":8},"end":{"line":315,"column":78}},"172":{"start":{"line":313,"column":12},"end":{"line":313,"column":74}},"173":{"start":{"line":315,"column":12},"end":{"line":315,"column":78}},"174":{"start":{"line":318,"column":8},"end":{"line":318,"column":25}},"175":{"start":{"line":319,"column":8},"end":{"line":320,"column":19}},"176":{"start":{"line":320,"column":12},"end":{"line":320,"column":19}},"177":{"start":{"line":321,"column":8},"end":{"line":321,"column":63}},"178":{"start":{"line":322,"column":8},"end":{"line":322,"column":25}},"179":{"start":{"line":325,"column":8},"end":{"line":331,"column":9}},"180":{"start":{"line":326,"column":22},"end":{"line":326,"column":70}},"181":{"start":{"line":327,"column":12},"end":{"line":329,"column":13}},"182":{"start":{"line":328,"column":16},"end":{"line":328,"column":87}},"183":{"start":{"line":330,"column":12},"end":{"line":330,"column":33}},"184":{"start":{"line":334,"column":8},"end":{"line":338,"column":9}},"185":{"start":{"line":335,"column":12},"end":{"line":337,"column":13}},"186":{"start":{"line":336,"column":16},"end":{"line":336,"column":85}},"187":{"start":{"line":342,"column":12},"end":{"line":344,"column":13}},"188":{"start":{"line":343,"column":16},"end":{"line":343,"column":65}},"189":{"start":{"line":345,"column":12},"end":{"line":345,"column":20}},"190":{"start":{"line":348,"column":12},"end":{"line":348,"column":29}},"191":{"start":{"line":349,"column":12},"end":{"line":351,"column":14}},"192":{"start":{"line":350,"column":16},"end":{"line":350,"column":64}},"193":{"start":{"line":359,"column":17},"end":{"line":359,"column":38}},"194":{"start":{"line":368,"column":19},"end":{"line":397,"column":6}},"195":{"start":{"line":370,"column":7},"end":{"line":370,"column":30}},"196":{"start":{"line":371,"column":7},"end":{"line":371,"column":26}},"197":{"start":{"line":372,"column":7},"end":{"line":372,"column":30}},"198":{"start":{"line":373,"column":7},"end":{"line":373,"column":38}},"199":{"start":{"line":374,"column":7},"end":{"line":374,"column":27}},"200":{"start":{"line":375,"column":7},"end":{"line":375,"column":46}},"201":{"start":{"line":376,"column":7},"end":{"line":376,"column":42}},"202":{"start":{"line":377,"column":7},"end":{"line":377,"column":43}},"203":{"start":{"line":380,"column":7},"end":{"line":380,"column":118}},"204":{"start":{"line":383,"column":7},"end":{"line":383,"column":40}},"205":{"start":{"line":384,"column":7},"end":{"line":384,"column":28}},"206":{"start":{"line":385,"column":7},"end":{"line":385,"column":26}},"207":{"start":{"line":386,"column":7},"end":{"line":386,"column":26}},"208":{"start":{"line":387,"column":7},"end":{"line":387,"column":26}},"209":{"start":{"line":390,"column":7},"end":{"line":390,"column":73}},"210":{"start":{"line":390,"column":35},"end":{"line":390,"column":73}},"211":{"start":{"line":395,"column":7},"end":{"line":395,"column":39}},"212":{"start":{"line":395,"column":22},"end":{"line":395,"column":39}},"213":{"start":{"line":399,"column":5},"end":{"line":405,"column":8}},"214":{"start":{"line":407,"column":5},"end":{"line":407,"column":18}},"215":{"start":{"line":411,"column":35},"end":{"line":411,"column":42}},"216":{"start":{"line":412,"column":37},"end":{"line":412,"column":44}},"217":{"start":{"line":413,"column":28},"end":{"line":413,"column":53}},"218":{"start":{"line":415,"column":5},"end":{"line":417,"column":8}},"219":{"start":{"line":416,"column":6},"end":{"line":416,"column":135}},"220":{"start":{"line":416,"column":69},"end":{"line":416,"column":135}},"221":{"start":{"line":419,"column":37},"end":{"line":419,"column":44}},"222":{"start":{"line":420,"column":5},"end":{"line":420,"column":45}},"223":{"start":{"line":422,"column":5},"end":{"line":425,"column":7}},"224":{"start":{"line":423,"column":6},"end":{"line":423,"column":81}},"225":{"start":{"line":423,"column":34},"end":{"line":423,"column":81}},"226":{"start":{"line":424,"column":6},"end":{"line":424,"column":78}},"227":{"start":{"line":424,"column":33},"end":{"line":424,"column":78}},"228":{"start":{"line":427,"column":5},"end":{"line":427,"column":71}},"229":{"start":{"line":427,"column":36},"end":{"line":427,"column":69}},"230":{"start":{"line":429,"column":5},"end":{"line":433,"column":7}},"231":{"start":{"line":430,"column":6},"end":{"line":430,"column":81}},"232":{"start":{"line":430,"column":34},"end":{"line":430,"column":81}},"233":{"start":{"line":431,"column":6},"end":{"line":431,"column":78}},"234":{"start":{"line":431,"column":33},"end":{"line":431,"column":78}},"235":{"start":{"line":432,"column":6},"end":{"line":432,"column":78}},"236":{"start":{"line":432,"column":33},"end":{"line":432,"column":78}},"237":{"start":{"line":437,"column":5},"end":{"line":439,"column":6}},"238":{"start":{"line":438,"column":6},"end":{"line":438,"column":45}},"239":{"start":{"line":441,"column":5},"end":{"line":445,"column":7}},"240":{"start":{"line":442,"column":6},"end":{"line":444,"column":7}},"241":{"start":{"line":443,"column":8},"end":{"line":443,"column":63}},"242":{"start":{"line":447,"column":5},"end":{"line":447,"column":44}},"243":{"start":{"line":452,"column":6},"end":{"line":452,"column":21}},"244":{"start":{"line":453,"column":6},"end":{"line":453,"column":100}},"245":{"start":{"line":455,"column":6},"end":{"line":460,"column":9}},"246":{"start":{"line":464,"column":6},"end":{"line":464,"column":168}},"247":{"start":{"line":468,"column":6},"end":{"line":468,"column":165}},"248":{"start":{"line":472,"column":6},"end":{"line":472,"column":168}},"249":{"start":{"line":476,"column":6},"end":{"line":476,"column":165}},"250":{"start":{"line":482,"column":19},"end":{"line":482,"column":37}},"251":{"start":{"line":489,"column":19},"end":{"line":505,"column":6}},"252":{"start":{"line":491,"column":7},"end":{"line":491,"column":34}},"253":{"start":{"line":492,"column":7},"end":{"line":492,"column":37}},"254":{"start":{"line":493,"column":7},"end":{"line":493,"column":48}},"255":{"start":{"line":496,"column":7},"end":{"line":496,"column":42}},"256":{"start":{"line":497,"column":7},"end":{"line":497,"column":30}},"257":{"start":{"line":497,"column":20},"end":{"line":497,"column":30}},"258":{"start":{"line":498,"column":7},"end":{"line":498,"column":85}},"259":{"start":{"line":502,"column":7},"end":{"line":502,"column":41}},"260":{"start":{"line":502,"column":22},"end":{"line":502,"column":41}},"261":{"start":{"line":503,"column":7},"end":{"line":503,"column":17}},"262":{"start":{"line":507,"column":5},"end":{"line":513,"column":8}},"263":{"start":{"line":515,"column":5},"end":{"line":515,"column":18}},"264":{"start":{"line":523,"column":19},"end":{"line":539,"column":6}},"265":{"start":{"line":525,"column":7},"end":{"line":525,"column":34}},"266":{"start":{"line":526,"column":7},"end":{"line":526,"column":38}},"267":{"start":{"line":527,"column":7},"end":{"line":527,"column":48}},"268":{"start":{"line":530,"column":7},"end":{"line":530,"column":42}},"269":{"start":{"line":531,"column":7},"end":{"line":531,"column":30}},"270":{"start":{"line":531,"column":20},"end":{"line":531,"column":30}},"271":{"start":{"line":532,"column":7},"end":{"line":532,"column":85}},"272":{"start":{"line":536,"column":7},"end":{"line":536,"column":41}},"273":{"start":{"line":536,"column":22},"end":{"line":536,"column":41}},"274":{"start":{"line":537,"column":7},"end":{"line":537,"column":17}},"275":{"start":{"line":541,"column":5},"end":{"line":547,"column":8}},"276":{"start":{"line":549,"column":5},"end":{"line":549,"column":18}},"277":{"start":{"line":556,"column":6},"end":{"line":556,"column":59}},"278":{"start":{"line":556,"column":36},"end":{"line":556,"column":59}},"279":{"start":{"line":557,"column":6},"end":{"line":557,"column":31}},"280":{"start":{"line":560,"column":30},"end":{"line":560,"column":52}},"281":{"start":{"line":561,"column":20},"end":{"line":561,"column":43}},"282":{"start":{"line":563,"column":19},"end":{"line":594,"column":6}},"283":{"start":{"line":565,"column":7},"end":{"line":565,"column":20}},"284":{"start":{"line":566,"column":7},"end":{"line":566,"column":33}},"285":{"start":{"line":569,"column":7},"end":{"line":569,"column":118}},"286":{"start":{"line":572,"column":7},"end":{"line":572,"column":34}},"287":{"start":{"line":573,"column":7},"end":{"line":573,"column":51}},"288":{"start":{"line":576,"column":7},"end":{"line":586,"column":8}},"289":{"start":{"line":577,"column":8},"end":{"line":577,"column":31}},"290":{"start":{"line":579,"column":8},"end":{"line":579,"column":22}},"291":{"start":{"line":580,"column":8},"end":{"line":580,"column":43}},"292":{"start":{"line":582,"column":8},"end":{"line":585,"column":9}},"293":{"start":{"line":583,"column":9},"end":{"line":583,"column":22}},"294":{"start":{"line":584,"column":9},"end":{"line":584,"column":65}},"295":{"start":{"line":591,"column":7},"end":{"line":591,"column":29}},"296":{"start":{"line":592,"column":7},"end":{"line":592,"column":50}},"297":{"start":{"line":592,"column":22},"end":{"line":592,"column":50}},"298":{"start":{"line":596,"column":5},"end":{"line":602,"column":8}},"299":{"start":{"line":604,"column":5},"end":{"line":604,"column":18}},"300":{"start":{"line":608,"column":42},"end":{"line":608,"column":49}},"301":{"start":{"line":611,"column":6},"end":{"line":611,"column":60}},"302":{"start":{"line":614,"column":28},"end":{"line":614,"column":36}},"303":{"start":{"line":616,"column":5},"end":{"line":618,"column":8}},"304":{"start":{"line":617,"column":6},"end":{"line":617,"column":132}},"305":{"start":{"line":617,"column":69},"end":{"line":617,"column":132}},"306":{"start":{"line":620,"column":37},"end":{"line":620,"column":44}},"307":{"start":{"line":621,"column":5},"end":{"line":621,"column":42}},"308":{"start":{"line":623,"column":5},"end":{"line":625,"column":7}},"309":{"start":{"line":624,"column":6},"end":{"line":624,"column":66}},"310":{"start":{"line":624,"column":29},"end":{"line":624,"column":66}},"311":{"start":{"line":627,"column":5},"end":{"line":627,"column":54}},"312":{"start":{"line":627,"column":36},"end":{"line":627,"column":52}},"313":{"start":{"line":629,"column":5},"end":{"line":631,"column":7}},"314":{"start":{"line":630,"column":6},"end":{"line":630,"column":66}},"315":{"start":{"line":630,"column":29},"end":{"line":630,"column":66}},"316":{"start":{"line":633,"column":5},"end":{"line":635,"column":6}},"317":{"start":{"line":634,"column":6},"end":{"line":634,"column":45}},"318":{"start":{"line":637,"column":5},"end":{"line":637,"column":27}},"319":{"start":{"line":642,"column":6},"end":{"line":642,"column":21}},"320":{"start":{"line":643,"column":6},"end":{"line":643,"column":86}},"321":{"start":{"line":645,"column":6},"end":{"line":650,"column":9}},"322":{"start":{"line":654,"column":6},"end":{"line":654,"column":165}},"323":{"start":{"line":658,"column":6},"end":{"line":658,"column":162}},"324":{"start":{"line":664,"column":19},"end":{"line":664,"column":45}},"325":{"start":{"line":667,"column":23},"end":{"line":667,"column":34}},"326":{"start":{"line":668,"column":5},"end":{"line":668,"column":31}},"327":{"start":{"line":669,"column":5},"end":{"line":669,"column":33}},"328":{"start":{"line":670,"column":5},"end":{"line":670,"column":22}},"329":{"start":{"line":676,"column":27},"end":{"line":676,"column":38}},"330":{"start":{"line":679,"column":29},"end":{"line":679,"column":40}},"331":{"start":{"line":683,"column":19},"end":{"line":703,"column":6}},"332":{"start":{"line":685,"column":7},"end":{"line":685,"column":26}},"333":{"start":{"line":686,"column":7},"end":{"line":686,"column":27}},"334":{"start":{"line":687,"column":7},"end":{"line":687,"column":24}},"335":{"start":{"line":688,"column":7},"end":{"line":688,"column":27}},"336":{"start":{"line":689,"column":7},"end":{"line":689,"column":20}},"337":{"start":{"line":690,"column":7},"end":{"line":690,"column":44}},"338":{"start":{"line":693,"column":7},"end":{"line":693,"column":38}},"339":{"start":{"line":694,"column":7},"end":{"line":694,"column":26}},"340":{"start":{"line":695,"column":7},"end":{"line":695,"column":26}},"341":{"start":{"line":696,"column":7},"end":{"line":696,"column":26}},"342":{"start":{"line":697,"column":7},"end":{"line":697,"column":26}},"343":{"start":{"line":701,"column":7},"end":{"line":701,"column":37}},"344":{"start":{"line":701,"column":22},"end":{"line":701,"column":37}},"345":{"start":{"line":705,"column":5},"end":{"line":711,"column":8}},"346":{"start":{"line":713,"column":5},"end":{"line":713,"column":18}},"347":{"start":{"line":720,"column":37},"end":{"line":720,"column":43}},"348":{"start":{"line":721,"column":5},"end":{"line":721,"column":40}},"349":{"start":{"line":722,"column":23},"end":{"line":722,"column":25}},"350":{"start":{"line":724,"column":5},"end":{"line":726,"column":6}},"351":{"start":{"line":724,"column":18},"end":{"line":724,"column":19}},"352":{"start":{"line":725,"column":6},"end":{"line":725,"column":79}},"353":{"start":{"line":728,"column":19},"end":{"line":787,"column":6}},"354":{"start":{"line":730,"column":7},"end":{"line":730,"column":26}},"355":{"start":{"line":731,"column":7},"end":{"line":731,"column":42}},"356":{"start":{"line":732,"column":7},"end":{"line":732,"column":20}},"357":{"start":{"line":733,"column":7},"end":{"line":733,"column":26}},"358":{"start":{"line":735,"column":7},"end":{"line":737,"column":8}},"359":{"start":{"line":735,"column":20},"end":{"line":735,"column":21}},"360":{"start":{"line":736,"column":8},"end":{"line":736,"column":27}},"361":{"start":{"line":739,"column":7},"end":{"line":739,"column":44}},"362":{"start":{"line":740,"column":7},"end":{"line":740,"column":44}},"363":{"start":{"line":743,"column":7},"end":{"line":743,"column":118}},"364":{"start":{"line":746,"column":7},"end":{"line":746,"column":38}},"365":{"start":{"line":747,"column":7},"end":{"line":747,"column":38}},"366":{"start":{"line":748,"column":7},"end":{"line":748,"column":38}},"367":{"start":{"line":750,"column":7},"end":{"line":752,"column":8}},"368":{"start":{"line":750,"column":20},"end":{"line":750,"column":21}},"369":{"start":{"line":751,"column":8},"end":{"line":751,"column":35}},"370":{"start":{"line":755,"column":7},"end":{"line":777,"column":8}},"371":{"start":{"line":756,"column":8},"end":{"line":756,"column":43}},"372":{"start":{"line":757,"column":8},"end":{"line":757,"column":43}},"373":{"start":{"line":760,"column":8},"end":{"line":770,"column":9}},"374":{"start":{"line":761,"column":27},"end":{"line":761,"column":63}},"375":{"start":{"line":763,"column":9},"end":{"line":769,"column":10}},"376":{"start":{"line":764,"column":10},"end":{"line":764,"column":45}},"377":{"start":{"line":766,"column":10},"end":{"line":766,"column":56}},"378":{"start":{"line":767,"column":10},"end":{"line":767,"column":29}},"379":{"start":{"line":768,"column":10},"end":{"line":768,"column":37}},"380":{"start":{"line":772,"column":8},"end":{"line":774,"column":9}},"381":{"start":{"line":773,"column":9},"end":{"line":773,"column":29}},"382":{"start":{"line":776,"column":8},"end":{"line":776,"column":47}},"383":{"start":{"line":782,"column":7},"end":{"line":782,"column":37}},"384":{"start":{"line":782,"column":22},"end":{"line":782,"column":37}},"385":{"start":{"line":783,"column":7},"end":{"line":783,"column":37}},"386":{"start":{"line":783,"column":22},"end":{"line":783,"column":37}},"387":{"start":{"line":784,"column":7},"end":{"line":784,"column":37}},"388":{"start":{"line":784,"column":22},"end":{"line":784,"column":37}},"389":{"start":{"line":785,"column":7},"end":{"line":785,"column":44}},"390":{"start":{"line":789,"column":5},"end":{"line":795,"column":8}},"391":{"start":{"line":797,"column":5},"end":{"line":797,"column":18}},"392":{"start":{"line":802,"column":22},"end":{"line":807,"column":6}},"393":{"start":{"line":809,"column":28},"end":{"line":809,"column":30}},"394":{"start":{"line":811,"column":5},"end":{"line":813,"column":8}},"395":{"start":{"line":812,"column":6},"end":{"line":812,"column":140}},"396":{"start":{"line":812,"column":69},"end":{"line":812,"column":140}},"397":{"start":{"line":815,"column":37},"end":{"line":815,"column":44}},"398":{"start":{"line":816,"column":5},"end":{"line":816,"column":50}},"399":{"start":{"line":817,"column":5},"end":{"line":817,"column":52}},"400":{"start":{"line":817,"column":36},"end":{"line":817,"column":50}},"401":{"start":{"line":819,"column":5},"end":{"line":821,"column":7}},"402":{"start":{"line":820,"column":6},"end":{"line":820,"column":84}},"403":{"start":{"line":820,"column":35},"end":{"line":820,"column":84}},"404":{"start":{"line":823,"column":5},"end":{"line":825,"column":6}},"405":{"start":{"line":824,"column":6},"end":{"line":824,"column":45}},"406":{"start":{"line":827,"column":5},"end":{"line":827,"column":25}},"407":{"start":{"line":832,"column":6},"end":{"line":832,"column":21}},"408":{"start":{"line":833,"column":6},"end":{"line":833,"column":77}},"409":{"start":{"line":835,"column":6},"end":{"line":840,"column":9}},"410":{"start":{"line":846,"column":19},"end":{"line":846,"column":41}},"411":{"start":{"line":851,"column":26},"end":{"line":851,"column":39}},"412":{"start":{"line":854,"column":26},"end":{"line":854,"column":39}},"413":{"start":{"line":858,"column":19},"end":{"line":890,"column":6}},"414":{"start":{"line":860,"column":7},"end":{"line":860,"column":28}},"415":{"start":{"line":861,"column":7},"end":{"line":861,"column":43}},"416":{"start":{"line":862,"column":7},"end":{"line":862,"column":27}},"417":{"start":{"line":863,"column":7},"end":{"line":863,"column":24}},"418":{"start":{"line":864,"column":7},"end":{"line":864,"column":27}},"419":{"start":{"line":865,"column":7},"end":{"line":865,"column":47}},"420":{"start":{"line":866,"column":7},"end":{"line":866,"column":45}},"421":{"start":{"line":869,"column":7},"end":{"line":869,"column":118}},"422":{"start":{"line":872,"column":7},"end":{"line":872,"column":39}},"423":{"start":{"line":873,"column":7},"end":{"line":873,"column":27}},"424":{"start":{"line":874,"column":7},"end":{"line":874,"column":27}},"425":{"start":{"line":875,"column":7},"end":{"line":875,"column":27}},"426":{"start":{"line":876,"column":7},"end":{"line":876,"column":27}},"427":{"start":{"line":877,"column":7},"end":{"line":877,"column":30}},"428":{"start":{"line":877,"column":20},"end":{"line":877,"column":30}},"429":{"start":{"line":878,"column":7},"end":{"line":878,"column":95}},"430":{"start":{"line":881,"column":7},"end":{"line":881,"column":104}},"431":{"start":{"line":881,"column":77},"end":{"line":881,"column":104}},"432":{"start":{"line":882,"column":7},"end":{"line":882,"column":104}},"433":{"start":{"line":882,"column":77},"end":{"line":882,"column":104}},"434":{"start":{"line":887,"column":7},"end":{"line":887,"column":38}},"435":{"start":{"line":887,"column":22},"end":{"line":887,"column":38}},"436":{"start":{"line":888,"column":7},"end":{"line":888,"column":17}},"437":{"start":{"line":892,"column":5},"end":{"line":898,"column":8}},"438":{"start":{"line":900,"column":5},"end":{"line":900,"column":18}},"439":{"start":{"line":904,"column":13},"end":{"line":904,"column":27}},"440":{"start":{"line":907,"column":6},"end":{"line":907,"column":40}},"441":{"start":{"line":908,"column":6},"end":{"line":908,"column":40}},"442":{"start":{"line":911,"column":28},"end":{"line":911,"column":30}},"443":{"start":{"line":913,"column":5},"end":{"line":915,"column":8}},"444":{"start":{"line":914,"column":6},"end":{"line":914,"column":136}},"445":{"start":{"line":914,"column":69},"end":{"line":914,"column":136}},"446":{"start":{"line":917,"column":37},"end":{"line":917,"column":44}},"447":{"start":{"line":918,"column":5},"end":{"line":918,"column":46}},"448":{"start":{"line":919,"column":5},"end":{"line":919,"column":60}},"449":{"start":{"line":919,"column":36},"end":{"line":919,"column":58}},"450":{"start":{"line":921,"column":5},"end":{"line":923,"column":7}},"451":{"start":{"line":922,"column":6},"end":{"line":922,"column":57}},"452":{"start":{"line":922,"column":26},"end":{"line":922,"column":57}},"453":{"start":{"line":925,"column":5},"end":{"line":927,"column":6}},"454":{"start":{"line":926,"column":6},"end":{"line":926,"column":45}},"455":{"start":{"line":929,"column":5},"end":{"line":929,"column":33}},"456":{"start":{"line":934,"column":6},"end":{"line":934,"column":21}},"457":{"start":{"line":935,"column":6},"end":{"line":935,"column":77}},"458":{"start":{"line":937,"column":6},"end":{"line":942,"column":9}},"459":{"start":{"line":947,"column":19},"end":{"line":947,"column":35}},"460":{"start":{"line":960,"column":22},"end":{"line":960,"column":54}},"461":{"start":{"line":961,"column":19},"end":{"line":961,"column":48}},"462":{"start":{"line":962,"column":27},"end":{"line":962,"column":64}},"463":{"start":{"line":963,"column":23},"end":{"line":963,"column":56}},"464":{"start":{"line":965,"column":19},"end":{"line":1029,"column":6}},"465":{"start":{"line":967,"column":7},"end":{"line":967,"column":30}},"466":{"start":{"line":968,"column":7},"end":{"line":968,"column":26}},"467":{"start":{"line":969,"column":7},"end":{"line":969,"column":27}},"468":{"start":{"line":970,"column":7},"end":{"line":970,"column":34}},"469":{"start":{"line":971,"column":7},"end":{"line":971,"column":22}},"470":{"start":{"line":972,"column":7},"end":{"line":972,"column":20}},"471":{"start":{"line":973,"column":7},"end":{"line":973,"column":46}},"472":{"start":{"line":974,"column":7},"end":{"line":974,"column":20}},"473":{"start":{"line":975,"column":7},"end":{"line":975,"column":43}},"474":{"start":{"line":976,"column":7},"end":{"line":976,"column":20}},"475":{"start":{"line":977,"column":7},"end":{"line":977,"column":51}},"476":{"start":{"line":978,"column":7},"end":{"line":978,"column":20}},"477":{"start":{"line":979,"column":7},"end":{"line":979,"column":47}},"478":{"start":{"line":980,"column":7},"end":{"line":980,"column":47}},"479":{"start":{"line":981,"column":7},"end":{"line":981,"column":44}},"480":{"start":{"line":982,"column":7},"end":{"line":982,"column":49}},"481":{"start":{"line":983,"column":7},"end":{"line":983,"column":46}},"482":{"start":{"line":986,"column":7},"end":{"line":986,"column":118}},"483":{"start":{"line":989,"column":7},"end":{"line":989,"column":40}},"484":{"start":{"line":990,"column":7},"end":{"line":990,"column":28}},"485":{"start":{"line":991,"column":7},"end":{"line":991,"column":26}},"486":{"start":{"line":992,"column":7},"end":{"line":992,"column":26}},"487":{"start":{"line":993,"column":7},"end":{"line":993,"column":26}},"488":{"start":{"line":994,"column":7},"end":{"line":994,"column":28}},"489":{"start":{"line":995,"column":7},"end":{"line":995,"column":45}},"490":{"start":{"line":996,"column":7},"end":{"line":996,"column":28}},"491":{"start":{"line":997,"column":7},"end":{"line":997,"column":42}},"492":{"start":{"line":998,"column":7},"end":{"line":998,"column":28}},"493":{"start":{"line":999,"column":7},"end":{"line":999,"column":50}},"494":{"start":{"line":1000,"column":7},"end":{"line":1000,"column":28}},"495":{"start":{"line":1001,"column":7},"end":{"line":1001,"column":46}},"496":{"start":{"line":1002,"column":7},"end":{"line":1002,"column":22}},"497":{"start":{"line":1005,"column":7},"end":{"line":1005,"column":77}},"498":{"start":{"line":1005,"column":43},"end":{"line":1005,"column":77}},"499":{"start":{"line":1008,"column":7},"end":{"line":1008,"column":27}},"500":{"start":{"line":1008,"column":20},"end":{"line":1008,"column":27}},"501":{"start":{"line":1009,"column":7},"end":{"line":1009,"column":50}},"502":{"start":{"line":1010,"column":7},"end":{"line":1010,"column":47}},"503":{"start":{"line":1011,"column":7},"end":{"line":1011,"column":55}},"504":{"start":{"line":1012,"column":7},"end":{"line":1012,"column":51}},"505":{"start":{"line":1013,"column":7},"end":{"line":1013,"column":22}},"506":{"start":{"line":1016,"column":7},"end":{"line":1016,"column":51}},"507":{"start":{"line":1017,"column":7},"end":{"line":1017,"column":48}},"508":{"start":{"line":1018,"column":7},"end":{"line":1018,"column":56}},"509":{"start":{"line":1019,"column":7},"end":{"line":1019,"column":52}},"510":{"start":{"line":1020,"column":7},"end":{"line":1020,"column":23}},"511":{"start":{"line":1023,"column":7},"end":{"line":1023,"column":39}},"512":{"start":{"line":1023,"column":22},"end":{"line":1023,"column":39}},"513":{"start":{"line":1024,"column":7},"end":{"line":1024,"column":35}},"514":{"start":{"line":1025,"column":7},"end":{"line":1025,"column":32}},"515":{"start":{"line":1026,"column":7},"end":{"line":1026,"column":40}},"516":{"start":{"line":1027,"column":7},"end":{"line":1027,"column":36}},"517":{"start":{"line":1031,"column":5},"end":{"line":1037,"column":8}},"518":{"start":{"line":1039,"column":5},"end":{"line":1039,"column":18}},"519":{"start":{"line":1043,"column":20},"end":{"line":1043,"column":27}},"520":{"start":{"line":1044,"column":28},"end":{"line":1044,"column":36}},"521":{"start":{"line":1046,"column":5},"end":{"line":1048,"column":8}},"522":{"start":{"line":1047,"column":6},"end":{"line":1047,"column":130}},"523":{"start":{"line":1047,"column":69},"end":{"line":1047,"column":130}},"524":{"start":{"line":1050,"column":37},"end":{"line":1050,"column":44}},"525":{"start":{"line":1051,"column":5},"end":{"line":1051,"column":40}},"526":{"start":{"line":1053,"column":5},"end":{"line":1055,"column":7}},"527":{"start":{"line":1054,"column":6},"end":{"line":1054,"column":66}},"528":{"start":{"line":1054,"column":29},"end":{"line":1054,"column":66}},"529":{"start":{"line":1057,"column":5},"end":{"line":1063,"column":8}},"530":{"start":{"line":1057,"column":36},"end":{"line":1063,"column":6}},"531":{"start":{"line":1065,"column":5},"end":{"line":1067,"column":7}},"532":{"start":{"line":1066,"column":6},"end":{"line":1066,"column":66}},"533":{"start":{"line":1066,"column":29},"end":{"line":1066,"column":66}},"534":{"start":{"line":1069,"column":5},"end":{"line":1071,"column":6}},"535":{"start":{"line":1070,"column":6},"end":{"line":1070,"column":45}},"536":{"start":{"line":1073,"column":5},"end":{"line":1073,"column":19}},"537":{"start":{"line":1078,"column":6},"end":{"line":1078,"column":21}},"538":{"start":{"line":1079,"column":6},"end":{"line":1079,"column":86}},"539":{"start":{"line":1081,"column":6},"end":{"line":1086,"column":9}},"540":{"start":{"line":1088,"column":22},"end":{"line":1088,"column":29}},"541":{"start":{"line":1089,"column":20},"end":{"line":1089,"column":39}},"542":{"start":{"line":1091,"column":6},"end":{"line":1093,"column":7}},"543":{"start":{"line":1092,"column":7},"end":{"line":1092,"column":70}},"544":{"start":{"line":1097,"column":6},"end":{"line":1097,"column":163}},"545":{"start":{"line":1101,"column":6},"end":{"line":1101,"column":160}},"546":{"start":{"line":1105,"column":16},"end":{"line":1110,"column":6}},"547":{"start":{"line":1112,"column":4},"end":{"line":1112,"column":15}}},"fnMap":{"0":{"name":"(anonymous_0)","decl":{"start":{"line":2,"column":1},"end":{"line":2,"column":2}},"loc":{"start":{"line":2,"column":16},"end":{"line":2,"column":265}},"line":2},"1":{"name":"(anonymous_1)","decl":{"start":{"line":3,"column":11},"end":{"line":3,"column":12}},"loc":{"start":{"line":3,"column":23},"end":{"line":1114,"column":1}},"line":3},"2":{"name":"noop","decl":{"start":{"line":6,"column":13},"end":{"line":6,"column":17}},"loc":{"start":{"line":6,"column":20},"end":{"line":6,"column":23}},"line":6},"3":{"name":"add_location","decl":{"start":{"line":7,"column":13},"end":{"line":7,"column":25}},"loc":{"start":{"line":7,"column":61},"end":{"line":11,"column":5}},"line":7},"4":{"name":"run","decl":{"start":{"line":12,"column":13},"end":{"line":12,"column":16}},"loc":{"start":{"line":12,"column":21},"end":{"line":14,"column":5}},"line":12},"5":{"name":"blank_object","decl":{"start":{"line":15,"column":13},"end":{"line":15,"column":25}},"loc":{"start":{"line":15,"column":28},"end":{"line":17,"column":5}},"line":15},"6":{"name":"run_all","decl":{"start":{"line":18,"column":13},"end":{"line":18,"column":20}},"loc":{"start":{"line":18,"column":26},"end":{"line":20,"column":5}},"line":18},"7":{"name":"is_function","decl":{"start":{"line":21,"column":13},"end":{"line":21,"column":24}},"loc":{"start":{"line":21,"column":32},"end":{"line":23,"column":5}},"line":21},"8":{"name":"safe_not_equal","decl":{"start":{"line":24,"column":13},"end":{"line":24,"column":27}},"loc":{"start":{"line":24,"column":34},"end":{"line":26,"column":5}},"line":24},"9":{"name":"append","decl":{"start":{"line":28,"column":13},"end":{"line":28,"column":19}},"loc":{"start":{"line":28,"column":34},"end":{"line":30,"column":5}},"line":28},"10":{"name":"insert","decl":{"start":{"line":31,"column":13},"end":{"line":31,"column":19}},"loc":{"start":{"line":31,"column":42},"end":{"line":33,"column":5}},"line":31},"11":{"name":"detach","decl":{"start":{"line":34,"column":13},"end":{"line":34,"column":19}},"loc":{"start":{"line":34,"column":26},"end":{"line":36,"column":5}},"line":34},"12":{"name":"destroy_each","decl":{"start":{"line":37,"column":13},"end":{"line":37,"column":25}},"loc":{"start":{"line":37,"column":49},"end":{"line":42,"column":5}},"line":37},"13":{"name":"element","decl":{"start":{"line":43,"column":13},"end":{"line":43,"column":20}},"loc":{"start":{"line":43,"column":27},"end":{"line":45,"column":5}},"line":43},"14":{"name":"text","decl":{"start":{"line":46,"column":13},"end":{"line":46,"column":17}},"loc":{"start":{"line":46,"column":24},"end":{"line":48,"column":5}},"line":46},"15":{"name":"space","decl":{"start":{"line":49,"column":13},"end":{"line":49,"column":18}},"loc":{"start":{"line":49,"column":21},"end":{"line":51,"column":5}},"line":49},"16":{"name":"empty","decl":{"start":{"line":52,"column":13},"end":{"line":52,"column":18}},"loc":{"start":{"line":52,"column":21},"end":{"line":54,"column":5}},"line":52},"17":{"name":"listen","decl":{"start":{"line":55,"column":13},"end":{"line":55,"column":19}},"loc":{"start":{"line":55,"column":51},"end":{"line":58,"column":5}},"line":55},"18":{"name":"(anonymous_18)","decl":{"start":{"line":57,"column":15},"end":{"line":57,"column":16}},"loc":{"start":{"line":57,"column":21},"end":{"line":57,"column":70}},"line":57},"19":{"name":"attr","decl":{"start":{"line":59,"column":13},"end":{"line":59,"column":17}},"loc":{"start":{"line":59,"column":42},"end":{"line":64,"column":5}},"line":59},"20":{"name":"children","decl":{"start":{"line":65,"column":13},"end":{"line":65,"column":21}},"loc":{"start":{"line":65,"column":31},"end":{"line":67,"column":5}},"line":65},"21":{"name":"custom_event","decl":{"start":{"line":68,"column":13},"end":{"line":68,"column":25}},"loc":{"start":{"line":68,"column":40},"end":{"line":72,"column":5}},"line":68},"22":{"name":"set_current_component","decl":{"start":{"line":75,"column":13},"end":{"line":75,"column":34}},"loc":{"start":{"line":75,"column":46},"end":{"line":77,"column":5}},"line":75},"23":{"name":"schedule_update","decl":{"start":{"line":85,"column":13},"end":{"line":85,"column":28}},"loc":{"start":{"line":85,"column":31},"end":{"line":90,"column":5}},"line":85},"24":{"name":"add_render_callback","decl":{"start":{"line":91,"column":13},"end":{"line":91,"column":32}},"loc":{"start":{"line":91,"column":37},"end":{"line":93,"column":5}},"line":91},"25":{"name":"flush","decl":{"start":{"line":96,"column":13},"end":{"line":96,"column":18}},"loc":{"start":{"line":96,"column":21},"end":{"line":130,"column":5}},"line":96},"26":{"name":"update","decl":{"start":{"line":131,"column":13},"end":{"line":131,"column":19}},"loc":{"start":{"line":131,"column":24},"end":{"line":140,"column":5}},"line":131},"27":{"name":"transition_in","decl":{"start":{"line":143,"column":13},"end":{"line":143,"column":26}},"loc":{"start":{"line":143,"column":41},"end":{"line":148,"column":5}},"line":143},"28":{"name":"transition_out","decl":{"start":{"line":149,"column":13},"end":{"line":149,"column":27}},"loc":{"start":{"line":149,"column":60},"end":{"line":164,"column":5}},"line":149},"29":{"name":"(anonymous_29)","decl":{"start":{"line":154,"column":26},"end":{"line":154,"column":27}},"loc":{"start":{"line":154,"column":32},"end":{"line":161,"column":13}},"line":154},"30":{"name":"create_component","decl":{"start":{"line":165,"column":13},"end":{"line":165,"column":29}},"loc":{"start":{"line":165,"column":37},"end":{"line":167,"column":5}},"line":165},"31":{"name":"mount_component","decl":{"start":{"line":168,"column":13},"end":{"line":168,"column":28}},"loc":{"start":{"line":168,"column":56},"end":{"line":185,"column":5}},"line":168},"32":{"name":"(anonymous_32)","decl":{"start":{"line":172,"column":28},"end":{"line":172,"column":29}},"loc":{"start":{"line":172,"column":34},"end":{"line":183,"column":9}},"line":172},"33":{"name":"destroy_component","decl":{"start":{"line":186,"column":13},"end":{"line":186,"column":30}},"loc":{"start":{"line":186,"column":53},"end":{"line":196,"column":5}},"line":186},"34":{"name":"make_dirty","decl":{"start":{"line":197,"column":13},"end":{"line":197,"column":23}},"loc":{"start":{"line":197,"column":38},"end":{"line":204,"column":5}},"line":197},"35":{"name":"init","decl":{"start":{"line":205,"column":13},"end":{"line":205,"column":17}},"loc":{"start":{"line":205,"column":97},"end":{"line":262,"column":5}},"line":205},"36":{"name":"(anonymous_36)","decl":{"start":{"line":229,"column":47},"end":{"line":229,"column":48}},"loc":{"start":{"line":229,"column":68},"end":{"line":238,"column":13}},"line":229},"37":{"name":"(anonymous_37)","decl":{"start":{"line":264,"column":8},"end":{"line":264,"column":9}},"loc":{"start":{"line":264,"column":19},"end":{"line":267,"column":9}},"line":264},"38":{"name":"(anonymous_38)","decl":{"start":{"line":268,"column":8},"end":{"line":268,"column":9}},"loc":{"start":{"line":268,"column":28},"end":{"line":276,"column":9}},"line":268},"39":{"name":"(anonymous_39)","decl":{"start":{"line":271,"column":19},"end":{"line":271,"column":20}},"loc":{"start":{"line":271,"column":25},"end":{"line":275,"column":13}},"line":271},"40":{"name":"(anonymous_40)","decl":{"start":{"line":277,"column":8},"end":{"line":277,"column":9}},"loc":{"start":{"line":277,"column":15},"end":{"line":279,"column":9}},"line":277},"41":{"name":"dispatch_dev","decl":{"start":{"line":282,"column":13},"end":{"line":282,"column":25}},"loc":{"start":{"line":282,"column":40},"end":{"line":284,"column":5}},"line":282},"42":{"name":"append_dev","decl":{"start":{"line":285,"column":13},"end":{"line":285,"column":23}},"loc":{"start":{"line":285,"column":38},"end":{"line":288,"column":5}},"line":285},"43":{"name":"insert_dev","decl":{"start":{"line":289,"column":13},"end":{"line":289,"column":23}},"loc":{"start":{"line":289,"column":46},"end":{"line":292,"column":5}},"line":289},"44":{"name":"detach_dev","decl":{"start":{"line":293,"column":13},"end":{"line":293,"column":23}},"loc":{"start":{"line":293,"column":30},"end":{"line":296,"column":5}},"line":293},"45":{"name":"listen_dev","decl":{"start":{"line":297,"column":13},"end":{"line":297,"column":23}},"loc":{"start":{"line":297,"column":98},"end":{"line":309,"column":5}},"line":297},"46":{"name":"(anonymous_46)","decl":{"start":{"line":305,"column":15},"end":{"line":305,"column":16}},"loc":{"start":{"line":305,"column":21},"end":{"line":308,"column":9}},"line":305},"47":{"name":"attr_dev","decl":{"start":{"line":310,"column":13},"end":{"line":310,"column":21}},"loc":{"start":{"line":310,"column":46},"end":{"line":316,"column":5}},"line":310},"48":{"name":"set_data_dev","decl":{"start":{"line":317,"column":13},"end":{"line":317,"column":25}},"loc":{"start":{"line":317,"column":38},"end":{"line":323,"column":5}},"line":317},"49":{"name":"validate_each_argument","decl":{"start":{"line":324,"column":13},"end":{"line":324,"column":35}},"loc":{"start":{"line":324,"column":41},"end":{"line":332,"column":5}},"line":324},"50":{"name":"validate_slots","decl":{"start":{"line":333,"column":13},"end":{"line":333,"column":27}},"loc":{"start":{"line":333,"column":46},"end":{"line":339,"column":5}},"line":333},"51":{"name":"(anonymous_51)","decl":{"start":{"line":341,"column":8},"end":{"line":341,"column":9}},"loc":{"start":{"line":341,"column":29},"end":{"line":346,"column":9}},"line":341},"52":{"name":"(anonymous_52)","decl":{"start":{"line":347,"column":8},"end":{"line":347,"column":9}},"loc":{"start":{"line":347,"column":19},"end":{"line":352,"column":9}},"line":347},"53":{"name":"(anonymous_53)","decl":{"start":{"line":349,"column":28},"end":{"line":349,"column":29}},"loc":{"start":{"line":349,"column":34},"end":{"line":351,"column":13}},"line":349},"54":{"name":"(anonymous_54)","decl":{"start":{"line":353,"column":8},"end":{"line":353,"column":9}},"loc":{"start":{"line":353,"column":25},"end":{"line":353,"column":28}},"line":353},"55":{"name":"(anonymous_55)","decl":{"start":{"line":354,"column":8},"end":{"line":354,"column":9}},"loc":{"start":{"line":354,"column":24},"end":{"line":354,"column":27}},"line":354},"56":{"name":"create_fragment","decl":{"start":{"line":361,"column":13},"end":{"line":361,"column":28}},"loc":{"start":{"line":361,"column":34},"end":{"line":408,"column":5}},"line":361},"57":{"name":"create","decl":{"start":{"line":369,"column":18},"end":{"line":369,"column":24}},"loc":{"start":{"line":369,"column":27},"end":{"line":378,"column":7}},"line":369},"58":{"name":"claim","decl":{"start":{"line":379,"column":18},"end":{"line":379,"column":23}},"loc":{"start":{"line":379,"column":31},"end":{"line":381,"column":7}},"line":379},"59":{"name":"mount","decl":{"start":{"line":382,"column":18},"end":{"line":382,"column":23}},"loc":{"start":{"line":382,"column":40},"end":{"line":388,"column":7}},"line":382},"60":{"name":"update","decl":{"start":{"line":389,"column":18},"end":{"line":389,"column":24}},"loc":{"start":{"line":389,"column":39},"end":{"line":391,"column":7}},"line":389},"61":{"name":"destroy","decl":{"start":{"line":394,"column":18},"end":{"line":394,"column":25}},"loc":{"start":{"line":394,"column":37},"end":{"line":396,"column":7}},"line":394},"62":{"name":"instance","decl":{"start":{"line":410,"column":13},"end":{"line":410,"column":21}},"loc":{"start":{"line":410,"column":53},"end":{"line":448,"column":5}},"line":410},"63":{"name":"(anonymous_63)","decl":{"start":{"line":415,"column":34},"end":{"line":415,"column":35}},"loc":{"start":{"line":415,"column":41},"end":{"line":417,"column":6}},"line":415},"64":{"name":"(anonymous_64)","decl":{"start":{"line":422,"column":19},"end":{"line":422,"column":20}},"loc":{"start":{"line":422,"column":30},"end":{"line":425,"column":6}},"line":422},"65":{"name":"(anonymous_65)","decl":{"start":{"line":427,"column":29},"end":{"line":427,"column":30}},"loc":{"start":{"line":427,"column":36},"end":{"line":427,"column":69}},"line":427},"66":{"name":"(anonymous_66)","decl":{"start":{"line":429,"column":28},"end":{"line":429,"column":29}},"loc":{"start":{"line":429,"column":39},"end":{"line":433,"column":6}},"line":429},"67":{"name":"(anonymous_67)","decl":{"start":{"line":441,"column":24},"end":{"line":441,"column":25}},"loc":{"start":{"line":441,"column":30},"end":{"line":445,"column":6}},"line":441},"68":{"name":"(anonymous_68)","decl":{"start":{"line":451,"column":5},"end":{"line":451,"column":6}},"loc":{"start":{"line":451,"column":26},"end":{"line":461,"column":6}},"line":451},"69":{"name":"(anonymous_69)","decl":{"start":{"line":463,"column":5},"end":{"line":463,"column":6}},"loc":{"start":{"line":463,"column":21},"end":{"line":465,"column":6}},"line":463},"70":{"name":"(anonymous_70)","decl":{"start":{"line":467,"column":5},"end":{"line":467,"column":6}},"loc":{"start":{"line":467,"column":26},"end":{"line":469,"column":6}},"line":467},"71":{"name":"(anonymous_71)","decl":{"start":{"line":471,"column":5},"end":{"line":471,"column":6}},"loc":{"start":{"line":471,"column":20},"end":{"line":473,"column":6}},"line":471},"72":{"name":"(anonymous_72)","decl":{"start":{"line":475,"column":5},"end":{"line":475,"column":6}},"loc":{"start":{"line":475,"column":25},"end":{"line":477,"column":6}},"line":475},"73":{"name":"create_else_block","decl":{"start":{"line":485,"column":13},"end":{"line":485,"column":30}},"loc":{"start":{"line":485,"column":36},"end":{"line":516,"column":5}},"line":485},"74":{"name":"create","decl":{"start":{"line":490,"column":18},"end":{"line":490,"column":24}},"loc":{"start":{"line":490,"column":27},"end":{"line":494,"column":7}},"line":490},"75":{"name":"mount","decl":{"start":{"line":495,"column":18},"end":{"line":495,"column":23}},"loc":{"start":{"line":495,"column":49},"end":{"line":499,"column":7}},"line":495},"76":{"name":"destroy","decl":{"start":{"line":501,"column":18},"end":{"line":501,"column":25}},"loc":{"start":{"line":501,"column":37},"end":{"line":504,"column":7}},"line":501},"77":{"name":"create_if_block","decl":{"start":{"line":519,"column":13},"end":{"line":519,"column":28}},"loc":{"start":{"line":519,"column":34},"end":{"line":550,"column":5}},"line":519},"78":{"name":"create","decl":{"start":{"line":524,"column":18},"end":{"line":524,"column":24}},"loc":{"start":{"line":524,"column":27},"end":{"line":528,"column":7}},"line":524},"79":{"name":"mount","decl":{"start":{"line":529,"column":18},"end":{"line":529,"column":23}},"loc":{"start":{"line":529,"column":49},"end":{"line":533,"column":7}},"line":529},"80":{"name":"destroy","decl":{"start":{"line":535,"column":18},"end":{"line":535,"column":25}},"loc":{"start":{"line":535,"column":37},"end":{"line":538,"column":7}},"line":535},"81":{"name":"create_fragment$1","decl":{"start":{"line":552,"column":13},"end":{"line":552,"column":30}},"loc":{"start":{"line":552,"column":36},"end":{"line":605,"column":5}},"line":552},"82":{"name":"select_block_type","decl":{"start":{"line":555,"column":14},"end":{"line":555,"column":31}},"loc":{"start":{"line":555,"column":44},"end":{"line":558,"column":6}},"line":555},"83":{"name":"create","decl":{"start":{"line":564,"column":18},"end":{"line":564,"column":24}},"loc":{"start":{"line":564,"column":27},"end":{"line":567,"column":7}},"line":564},"84":{"name":"claim","decl":{"start":{"line":568,"column":18},"end":{"line":568,"column":23}},"loc":{"start":{"line":568,"column":31},"end":{"line":570,"column":7}},"line":568},"85":{"name":"mount","decl":{"start":{"line":571,"column":18},"end":{"line":571,"column":23}},"loc":{"start":{"line":571,"column":40},"end":{"line":574,"column":7}},"line":571},"86":{"name":"update","decl":{"start":{"line":575,"column":18},"end":{"line":575,"column":24}},"loc":{"start":{"line":575,"column":39},"end":{"line":587,"column":7}},"line":575},"87":{"name":"destroy","decl":{"start":{"line":590,"column":18},"end":{"line":590,"column":25}},"loc":{"start":{"line":590,"column":37},"end":{"line":593,"column":7}},"line":590},"88":{"name":"instance$1","decl":{"start":{"line":607,"column":13},"end":{"line":607,"column":23}},"loc":{"start":{"line":607,"column":55},"end":{"line":638,"column":5}},"line":607},"89":{"name":"toggle","decl":{"start":{"line":610,"column":14},"end":{"line":610,"column":20}},"loc":{"start":{"line":610,"column":23},"end":{"line":612,"column":6}},"line":610},"90":{"name":"(anonymous_90)","decl":{"start":{"line":616,"column":34},"end":{"line":616,"column":35}},"loc":{"start":{"line":616,"column":41},"end":{"line":618,"column":6}},"line":616},"91":{"name":"(anonymous_91)","decl":{"start":{"line":623,"column":19},"end":{"line":623,"column":20}},"loc":{"start":{"line":623,"column":30},"end":{"line":625,"column":6}},"line":623},"92":{"name":"(anonymous_92)","decl":{"start":{"line":627,"column":29},"end":{"line":627,"column":30}},"loc":{"start":{"line":627,"column":36},"end":{"line":627,"column":52}},"line":627},"93":{"name":"(anonymous_93)","decl":{"start":{"line":629,"column":28},"end":{"line":629,"column":29}},"loc":{"start":{"line":629,"column":39},"end":{"line":631,"column":6}},"line":629},"94":{"name":"(anonymous_94)","decl":{"start":{"line":641,"column":5},"end":{"line":641,"column":6}},"loc":{"start":{"line":641,"column":26},"end":{"line":651,"column":6}},"line":641},"95":{"name":"(anonymous_95)","decl":{"start":{"line":653,"column":5},"end":{"line":653,"column":6}},"loc":{"start":{"line":653,"column":16},"end":{"line":655,"column":6}},"line":653},"96":{"name":"(anonymous_96)","decl":{"start":{"line":657,"column":5},"end":{"line":657,"column":6}},"loc":{"start":{"line":657,"column":21},"end":{"line":659,"column":6}},"line":657},"97":{"name":"get_each_context","decl":{"start":{"line":666,"column":13},"end":{"line":666,"column":29}},"loc":{"start":{"line":666,"column":44},"end":{"line":671,"column":5}},"line":666},"98":{"name":"create_each_block","decl":{"start":{"line":674,"column":13},"end":{"line":674,"column":30}},"loc":{"start":{"line":674,"column":36},"end":{"line":714,"column":5}},"line":674},"99":{"name":"create","decl":{"start":{"line":684,"column":18},"end":{"line":684,"column":24}},"loc":{"start":{"line":684,"column":27},"end":{"line":691,"column":7}},"line":684},"100":{"name":"mount","decl":{"start":{"line":692,"column":18},"end":{"line":692,"column":23}},"loc":{"start":{"line":692,"column":40},"end":{"line":698,"column":7}},"line":692},"101":{"name":"destroy","decl":{"start":{"line":700,"column":18},"end":{"line":700,"column":25}},"loc":{"start":{"line":700,"column":37},"end":{"line":702,"column":7}},"line":700},"102":{"name":"create_fragment$2","decl":{"start":{"line":716,"column":13},"end":{"line":716,"column":30}},"loc":{"start":{"line":716,"column":36},"end":{"line":798,"column":5}},"line":716},"103":{"name":"create","decl":{"start":{"line":729,"column":18},"end":{"line":729,"column":24}},"loc":{"start":{"line":729,"column":27},"end":{"line":741,"column":7}},"line":729},"104":{"name":"claim","decl":{"start":{"line":742,"column":18},"end":{"line":742,"column":23}},"loc":{"start":{"line":742,"column":31},"end":{"line":744,"column":7}},"line":742},"105":{"name":"mount","decl":{"start":{"line":745,"column":18},"end":{"line":745,"column":23}},"loc":{"start":{"line":745,"column":40},"end":{"line":753,"column":7}},"line":745},"106":{"name":"update","decl":{"start":{"line":754,"column":18},"end":{"line":754,"column":24}},"loc":{"start":{"line":754,"column":39},"end":{"line":778,"column":7}},"line":754},"107":{"name":"destroy","decl":{"start":{"line":781,"column":18},"end":{"line":781,"column":25}},"loc":{"start":{"line":781,"column":37},"end":{"line":786,"column":7}},"line":781},"108":{"name":"instance$2","decl":{"start":{"line":800,"column":13},"end":{"line":800,"column":23}},"loc":{"start":{"line":800,"column":55},"end":{"line":828,"column":5}},"line":800},"109":{"name":"(anonymous_109)","decl":{"start":{"line":811,"column":34},"end":{"line":811,"column":35}},"loc":{"start":{"line":811,"column":41},"end":{"line":813,"column":6}},"line":811},"110":{"name":"(anonymous_110)","decl":{"start":{"line":817,"column":29},"end":{"line":817,"column":30}},"loc":{"start":{"line":817,"column":36},"end":{"line":817,"column":50}},"line":817},"111":{"name":"(anonymous_111)","decl":{"start":{"line":819,"column":28},"end":{"line":819,"column":29}},"loc":{"start":{"line":819,"column":39},"end":{"line":821,"column":6}},"line":819},"112":{"name":"(anonymous_112)","decl":{"start":{"line":831,"column":5},"end":{"line":831,"column":6}},"loc":{"start":{"line":831,"column":26},"end":{"line":841,"column":6}},"line":831},"113":{"name":"create_fragment$3","decl":{"start":{"line":848,"column":13},"end":{"line":848,"column":30}},"loc":{"start":{"line":848,"column":36},"end":{"line":901,"column":5}},"line":848},"114":{"name":"create","decl":{"start":{"line":859,"column":18},"end":{"line":859,"column":24}},"loc":{"start":{"line":859,"column":27},"end":{"line":867,"column":7}},"line":859},"115":{"name":"claim","decl":{"start":{"line":868,"column":18},"end":{"line":868,"column":23}},"loc":{"start":{"line":868,"column":31},"end":{"line":870,"column":7}},"line":868},"116":{"name":"mount","decl":{"start":{"line":871,"column":18},"end":{"line":871,"column":23}},"loc":{"start":{"line":871,"column":49},"end":{"line":879,"column":7}},"line":871},"117":{"name":"update","decl":{"start":{"line":880,"column":18},"end":{"line":880,"column":24}},"loc":{"start":{"line":880,"column":39},"end":{"line":883,"column":7}},"line":880},"118":{"name":"destroy","decl":{"start":{"line":886,"column":18},"end":{"line":886,"column":25}},"loc":{"start":{"line":886,"column":37},"end":{"line":889,"column":7}},"line":886},"119":{"name":"instance$3","decl":{"start":{"line":903,"column":13},"end":{"line":903,"column":23}},"loc":{"start":{"line":903,"column":55},"end":{"line":930,"column":5}},"line":903},"120":{"name":"handleMousemove","decl":{"start":{"line":906,"column":14},"end":{"line":906,"column":29}},"loc":{"start":{"line":906,"column":52},"end":{"line":909,"column":6}},"line":906},"121":{"name":"(anonymous_121)","decl":{"start":{"line":913,"column":34},"end":{"line":913,"column":35}},"loc":{"start":{"line":913,"column":41},"end":{"line":915,"column":6}},"line":913},"122":{"name":"(anonymous_122)","decl":{"start":{"line":919,"column":29},"end":{"line":919,"column":30}},"loc":{"start":{"line":919,"column":36},"end":{"line":919,"column":58}},"line":919},"123":{"name":"(anonymous_123)","decl":{"start":{"line":921,"column":28},"end":{"line":921,"column":29}},"loc":{"start":{"line":921,"column":39},"end":{"line":923,"column":6}},"line":921},"124":{"name":"(anonymous_124)","decl":{"start":{"line":933,"column":5},"end":{"line":933,"column":6}},"loc":{"start":{"line":933,"column":26},"end":{"line":943,"column":6}},"line":933},"125":{"name":"create_fragment$4","decl":{"start":{"line":949,"column":13},"end":{"line":949,"column":30}},"loc":{"start":{"line":949,"column":36},"end":{"line":1040,"column":5}},"line":949},"126":{"name":"create","decl":{"start":{"line":966,"column":18},"end":{"line":966,"column":24}},"loc":{"start":{"line":966,"column":27},"end":{"line":984,"column":7}},"line":966},"127":{"name":"claim","decl":{"start":{"line":985,"column":18},"end":{"line":985,"column":23}},"loc":{"start":{"line":985,"column":31},"end":{"line":987,"column":7}},"line":985},"128":{"name":"mount","decl":{"start":{"line":988,"column":18},"end":{"line":988,"column":23}},"loc":{"start":{"line":988,"column":40},"end":{"line":1003,"column":7}},"line":988},"129":{"name":"update","decl":{"start":{"line":1004,"column":18},"end":{"line":1004,"column":24}},"loc":{"start":{"line":1004,"column":39},"end":{"line":1006,"column":7}},"line":1004},"130":{"name":"intro","decl":{"start":{"line":1007,"column":18},"end":{"line":1007,"column":23}},"loc":{"start":{"line":1007,"column":31},"end":{"line":1014,"column":7}},"line":1007},"131":{"name":"outro","decl":{"start":{"line":1015,"column":18},"end":{"line":1015,"column":23}},"loc":{"start":{"line":1015,"column":31},"end":{"line":1021,"column":7}},"line":1015},"132":{"name":"destroy","decl":{"start":{"line":1022,"column":18},"end":{"line":1022,"column":25}},"loc":{"start":{"line":1022,"column":37},"end":{"line":1028,"column":7}},"line":1022},"133":{"name":"instance$4","decl":{"start":{"line":1042,"column":13},"end":{"line":1042,"column":23}},"loc":{"start":{"line":1042,"column":55},"end":{"line":1074,"column":5}},"line":1042},"134":{"name":"(anonymous_134)","decl":{"start":{"line":1046,"column":34},"end":{"line":1046,"column":35}},"loc":{"start":{"line":1046,"column":41},"end":{"line":1048,"column":6}},"line":1046},"135":{"name":"(anonymous_135)","decl":{"start":{"line":1053,"column":19},"end":{"line":1053,"column":20}},"loc":{"start":{"line":1053,"column":30},"end":{"line":1055,"column":6}},"line":1053},"136":{"name":"(anonymous_136)","decl":{"start":{"line":1057,"column":29},"end":{"line":1057,"column":30}},"loc":{"start":{"line":1057,"column":36},"end":{"line":1063,"column":6}},"line":1057},"137":{"name":"(anonymous_137)","decl":{"start":{"line":1065,"column":28},"end":{"line":1065,"column":29}},"loc":{"start":{"line":1065,"column":39},"end":{"line":1067,"column":6}},"line":1065},"138":{"name":"(anonymous_138)","decl":{"start":{"line":1077,"column":5},"end":{"line":1077,"column":6}},"loc":{"start":{"line":1077,"column":26},"end":{"line":1094,"column":6}},"line":1077},"139":{"name":"(anonymous_139)","decl":{"start":{"line":1096,"column":5},"end":{"line":1096,"column":6}},"loc":{"start":{"line":1096,"column":16},"end":{"line":1098,"column":6}},"line":1096},"140":{"name":"(anonymous_140)","decl":{"start":{"line":1100,"column":5},"end":{"line":1100,"column":6}},"loc":{"start":{"line":1100,"column":21},"end":{"line":1102,"column":6}},"line":1100}},"branchMap":{"0":{"loc":{"start":{"line":2,"column":18},"end":{"line":2,"column":67}},"type":"if","locations":[{"start":{"line":2,"column":18},"end":{"line":2,"column":67}},{"start":{"line":2,"column":18},"end":{"line":2,"column":67}}],"line":2},"1":{"loc":{"start":{"line":2,"column":128},"end":{"line":2,"column":163}},"type":"binary-expr","locations":[{"start":{"line":2,"column":128},"end":{"line":2,"column":148}},{"start":{"line":2,"column":152},"end":{"line":2,"column":163}}],"line":2},"2":{"loc":{"start":{"line":25,"column":15},"end":{"line":25,"column":101}},"type":"cond-expr","locations":[{"start":{"line":25,"column":24},"end":{"line":25,"column":30}},{"start":{"line":25,"column":33},"end":{"line":25,"column":101}}],"line":25},"3":{"loc":{"start":{"line":25,"column":33},"end":{"line":25,"column":101}},"type":"binary-expr","locations":[{"start":{"line":25,"column":33},"end":{"line":25,"column":40}},{"start":{"line":25,"column":46},"end":{"line":25,"column":47}},{"start":{"line":25,"column":51},"end":{"line":25,"column":72}},{"start":{"line":25,"column":77},"end":{"line":25,"column":100}}],"line":25},"4":{"loc":{"start":{"line":32,"column":34},"end":{"line":32,"column":48}},"type":"binary-expr","locations":[{"start":{"line":32,"column":34},"end":{"line":32,"column":40}},{"start":{"line":32,"column":44},"end":{"line":32,"column":48}}],"line":32},"5":{"loc":{"start":{"line":39,"column":12},"end":{"line":40,"column":43}},"type":"if","locations":[{"start":{"line":39,"column":12},"end":{"line":40,"column":43}},{"start":{"line":39,"column":12},"end":{"line":40,"column":43}}],"line":39},"6":{"loc":{"start":{"line":60,"column":8},"end":{"line":63,"column":48}},"type":"if","locations":[{"start":{"line":60,"column":8},"end":{"line":63,"column":48}},{"start":{"line":60,"column":8},"end":{"line":63,"column":48}}],"line":60},"7":{"loc":{"start":{"line":62,"column":13},"end":{"line":63,"column":48}},"type":"if","locations":[{"start":{"line":62,"column":13},"end":{"line":63,"column":48}},{"start":{"line":62,"column":13},"end":{"line":63,"column":48}}],"line":62},"8":{"loc":{"start":{"line":86,"column":8},"end":{"line":89,"column":9}},"type":"if","locations":[{"start":{"line":86,"column":8},"end":{"line":89,"column":9}},{"start":{"line":86,"column":8},"end":{"line":89,"column":9}}],"line":86},"9":{"loc":{"start":{"line":97,"column":8},"end":{"line":98,"column":19}},"type":"if","locations":[{"start":{"line":97,"column":8},"end":{"line":98,"column":19}},{"start":{"line":97,"column":8},"end":{"line":98,"column":19}}],"line":97},"10":{"loc":{"start":{"line":116,"column":16},"end":{"line":120,"column":17}},"type":"if","locations":[{"start":{"line":116,"column":16},"end":{"line":120,"column":17}},{"start":{"line":116,"column":16},"end":{"line":120,"column":17}}],"line":116},"11":{"loc":{"start":{"line":132,"column":8},"end":{"line":139,"column":9}},"type":"if","locations":[{"start":{"line":132,"column":8},"end":{"line":139,"column":9}},{"start":{"line":132,"column":8},"end":{"line":139,"column":9}}],"line":132},"12":{"loc":{"start":{"line":137,"column":12},"end":{"line":137,"column":55}},"type":"binary-expr","locations":[{"start":{"line":137,"column":12},"end":{"line":137,"column":23}},{"start":{"line":137,"column":27},"end":{"line":137,"column":55}}],"line":137},"13":{"loc":{"start":{"line":144,"column":8},"end":{"line":147,"column":9}},"type":"if","locations":[{"start":{"line":144,"column":8},"end":{"line":147,"column":9}},{"start":{"line":144,"column":8},"end":{"line":147,"column":9}}],"line":144},"14":{"loc":{"start":{"line":144,"column":12},"end":{"line":144,"column":28}},"type":"binary-expr","locations":[{"start":{"line":144,"column":12},"end":{"line":144,"column":17}},{"start":{"line":144,"column":21},"end":{"line":144,"column":28}}],"line":144},"15":{"loc":{"start":{"line":150,"column":8},"end":{"line":163,"column":9}},"type":"if","locations":[{"start":{"line":150,"column":8},"end":{"line":163,"column":9}},{"start":{"line":150,"column":8},"end":{"line":163,"column":9}}],"line":150},"16":{"loc":{"start":{"line":150,"column":12},"end":{"line":150,"column":28}},"type":"binary-expr","locations":[{"start":{"line":150,"column":12},"end":{"line":150,"column":17}},{"start":{"line":150,"column":21},"end":{"line":150,"column":28}}],"line":150},"17":{"loc":{"start":{"line":151,"column":12},"end":{"line":152,"column":23}},"type":"if","locations":[{"start":{"line":151,"column":12},"end":{"line":152,"column":23}},{"start":{"line":151,"column":12},"end":{"line":152,"column":23}}],"line":151},"18":{"loc":{"start":{"line":156,"column":16},"end":{"line":160,"column":17}},"type":"if","locations":[{"start":{"line":156,"column":16},"end":{"line":160,"column":17}},{"start":{"line":156,"column":16},"end":{"line":160,"column":17}}],"line":156},"19":{"loc":{"start":{"line":157,"column":20},"end":{"line":158,"column":35}},"type":"if","locations":[{"start":{"line":157,"column":20},"end":{"line":158,"column":35}},{"start":{"line":157,"column":20},"end":{"line":158,"column":35}}],"line":157},"20":{"loc":{"start":{"line":166,"column":8},"end":{"line":166,"column":26}},"type":"binary-expr","locations":[{"start":{"line":166,"column":8},"end":{"line":166,"column":13}},{"start":{"line":166,"column":17},"end":{"line":166,"column":26}}],"line":166},"21":{"loc":{"start":{"line":170,"column":8},"end":{"line":170,"column":46}},"type":"binary-expr","locations":[{"start":{"line":170,"column":8},"end":{"line":170,"column":16}},{"start":{"line":170,"column":20},"end":{"line":170,"column":46}}],"line":170},"22":{"loc":{"start":{"line":174,"column":12},"end":{"line":181,"column":13}},"type":"if","locations":[{"start":{"line":174,"column":12},"end":{"line":181,"column":13}},{"start":{"line":174,"column":12},"end":{"line":181,"column":13}}],"line":174},"23":{"loc":{"start":{"line":188,"column":8},"end":{"line":195,"column":9}},"type":"if","locations":[{"start":{"line":188,"column":8},"end":{"line":195,"column":9}},{"start":{"line":188,"column":8},"end":{"line":195,"column":9}}],"line":188},"24":{"loc":{"start":{"line":190,"column":12},"end":{"line":190,"column":51}},"type":"binary-expr","locations":[{"start":{"line":190,"column":12},"end":{"line":190,"column":23}},{"start":{"line":190,"column":27},"end":{"line":190,"column":51}}],"line":190},"25":{"loc":{"start":{"line":198,"column":8},"end":{"line":202,"column":9}},"type":"if","locations":[{"start":{"line":198,"column":8},"end":{"line":202,"column":9}},{"start":{"line":198,"column":8},"end":{"line":202,"column":9}}],"line":198},"26":{"loc":{"start":{"line":205,"column":83},"end":{"line":205,"column":95}},"type":"default-arg","locations":[{"start":{"line":205,"column":91},"end":{"line":205,"column":95}}],"line":205},"27":{"loc":{"start":{"line":208,"column":28},"end":{"line":208,"column":47}},"type":"binary-expr","locations":[{"start":{"line":208,"column":28},"end":{"line":208,"column":41}},{"start":{"line":208,"column":45},"end":{"line":208,"column":47}}],"line":208},"28":{"loc":{"start":{"line":222,"column":29},"end":{"line":222,"column":80}},"type":"cond-expr","locations":[{"start":{"line":222,"column":48},"end":{"line":222,"column":75}},{"start":{"line":222,"column":78},"end":{"line":222,"column":80}}],"line":222},"29":{"loc":{"start":{"line":228,"column":17},"end":{"line":239,"column":16}},"type":"cond-expr","locations":[{"start":{"line":229,"column":14},"end":{"line":238,"column":14}},{"start":{"line":239,"column":14},"end":{"line":239,"column":16}}],"line":228},"30":{"loc":{"start":{"line":230,"column":30},"end":{"line":230,"column":57}},"type":"cond-expr","locations":[{"start":{"line":230,"column":44},"end":{"line":230,"column":51}},{"start":{"line":230,"column":54},"end":{"line":230,"column":57}}],"line":230},"31":{"loc":{"start":{"line":231,"column":16},"end":{"line":236,"column":17}},"type":"if","locations":[{"start":{"line":231,"column":16},"end":{"line":236,"column":17}},{"start":{"line":231,"column":16},"end":{"line":236,"column":17}}],"line":231},"32":{"loc":{"start":{"line":231,"column":20},"end":{"line":231,"column":69}},"type":"binary-expr","locations":[{"start":{"line":231,"column":20},"end":{"line":231,"column":26}},{"start":{"line":231,"column":30},"end":{"line":231,"column":69}}],"line":231},"33":{"loc":{"start":{"line":232,"column":20},"end":{"line":233,"column":43}},"type":"if","locations":[{"start":{"line":232,"column":20},"end":{"line":233,"column":43}},{"start":{"line":232,"column":20},"end":{"line":233,"column":43}}],"line":232},"34":{"loc":{"start":{"line":234,"column":20},"end":{"line":235,"column":49}},"type":"if","locations":[{"start":{"line":234,"column":20},"end":{"line":235,"column":49}},{"start":{"line":234,"column":20},"end":{"line":235,"column":49}}],"line":234},"35":{"loc":{"start":{"line":244,"column":22},"end":{"line":244,"column":71}},"type":"cond-expr","locations":[{"start":{"line":244,"column":40},"end":{"line":244,"column":63}},{"start":{"line":244,"column":66},"end":{"line":244,"column":71}}],"line":244},"36":{"loc":{"start":{"line":245,"column":8},"end":{"line":260,"column":9}},"type":"if","locations":[{"start":{"line":245,"column":8},"end":{"line":260,"column":9}},{"start":{"line":245,"column":8},"end":{"line":260,"column":9}}],"line":245},"37":{"loc":{"start":{"line":246,"column":12},"end":{"line":255,"column":13}},"type":"if","locations":[{"start":{"line":246,"column":12},"end":{"line":255,"column":13}},{"start":{"line":246,"column":12},"end":{"line":255,"column":13}}],"line":246},"38":{"loc":{"start":{"line":249,"column":16},"end":{"line":249,"column":51}},"type":"binary-expr","locations":[{"start":{"line":249,"column":16},"end":{"line":249,"column":27}},{"start":{"line":249,"column":31},"end":{"line":249,"column":51}}],"line":249},"39":{"loc":{"start":{"line":254,"column":16},"end":{"line":254,"column":46}},"type":"binary-expr","locations":[{"start":{"line":254,"column":16},"end":{"line":254,"column":27}},{"start":{"line":254,"column":31},"end":{"line":254,"column":46}}],"line":254},"40":{"loc":{"start":{"line":256,"column":12},"end":{"line":257,"column":53}},"type":"if","locations":[{"start":{"line":256,"column":12},"end":{"line":257,"column":53}},{"start":{"line":256,"column":12},"end":{"line":257,"column":53}}],"line":256},"41":{"loc":{"start":{"line":269,"column":31},"end":{"line":269,"column":88}},"type":"binary-expr","locations":[{"start":{"line":269,"column":31},"end":{"line":269,"column":54}},{"start":{"line":269,"column":59},"end":{"line":269,"column":87}}],"line":269},"42":{"loc":{"start":{"line":273,"column":16},"end":{"line":274,"column":47}},"type":"if","locations":[{"start":{"line":273,"column":16},"end":{"line":274,"column":47}},{"start":{"line":273,"column":16},"end":{"line":274,"column":47}}],"line":273},"43":{"loc":{"start":{"line":298,"column":26},"end":{"line":298,"column":106}},"type":"cond-expr","locations":[{"start":{"line":298,"column":45},"end":{"line":298,"column":56}},{"start":{"line":298,"column":59},"end":{"line":298,"column":106}}],"line":298},"44":{"loc":{"start":{"line":298,"column":59},"end":{"line":298,"column":106}},"type":"cond-expr","locations":[{"start":{"line":298,"column":69},"end":{"line":298,"column":101}},{"start":{"line":298,"column":104},"end":{"line":298,"column":106}}],"line":298},"45":{"loc":{"start":{"line":299,"column":8},"end":{"line":300,"column":45}},"type":"if","locations":[{"start":{"line":299,"column":8},"end":{"line":300,"column":45}},{"start":{"line":299,"column":8},"end":{"line":300,"column":45}}],"line":299},"46":{"loc":{"start":{"line":301,"column":8},"end":{"line":302,"column":46}},"type":"if","locations":[{"start":{"line":301,"column":8},"end":{"line":302,"column":46}},{"start":{"line":301,"column":8},"end":{"line":302,"column":46}}],"line":301},"47":{"loc":{"start":{"line":312,"column":8},"end":{"line":315,"column":78}},"type":"if","locations":[{"start":{"line":312,"column":8},"end":{"line":315,"column":78}},{"start":{"line":312,"column":8},"end":{"line":315,"column":78}}],"line":312},"48":{"loc":{"start":{"line":319,"column":8},"end":{"line":320,"column":19}},"type":"if","locations":[{"start":{"line":319,"column":8},"end":{"line":320,"column":19}},{"start":{"line":319,"column":8},"end":{"line":320,"column":19}}],"line":319},"49":{"loc":{"start":{"line":325,"column":8},"end":{"line":331,"column":9}},"type":"if","locations":[{"start":{"line":325,"column":8},"end":{"line":331,"column":9}},{"start":{"line":325,"column":8},"end":{"line":331,"column":9}}],"line":325},"50":{"loc":{"start":{"line":325,"column":12},"end":{"line":325,"column":91}},"type":"binary-expr","locations":[{"start":{"line":325,"column":12},"end":{"line":325,"column":35}},{"start":{"line":325,"column":39},"end":{"line":325,"column":91}}],"line":325},"51":{"loc":{"start":{"line":325,"column":41},"end":{"line":325,"column":90}},"type":"binary-expr","locations":[{"start":{"line":325,"column":41},"end":{"line":325,"column":44}},{"start":{"line":325,"column":48},"end":{"line":325,"column":71}},{"start":{"line":325,"column":75},"end":{"line":325,"column":90}}],"line":325},"52":{"loc":{"start":{"line":327,"column":12},"end":{"line":329,"column":13}},"type":"if","locations":[{"start":{"line":327,"column":12},"end":{"line":329,"column":13}},{"start":{"line":327,"column":12},"end":{"line":329,"column":13}}],"line":327},"53":{"loc":{"start":{"line":327,"column":16},"end":{"line":327,"column":77}},"type":"binary-expr","locations":[{"start":{"line":327,"column":16},"end":{"line":327,"column":44}},{"start":{"line":327,"column":48},"end":{"line":327,"column":51}},{"start":{"line":327,"column":55},"end":{"line":327,"column":77}}],"line":327},"54":{"loc":{"start":{"line":335,"column":12},"end":{"line":337,"column":13}},"type":"if","locations":[{"start":{"line":335,"column":12},"end":{"line":337,"column":13}},{"start":{"line":335,"column":12},"end":{"line":337,"column":13}}],"line":335},"55":{"loc":{"start":{"line":342,"column":12},"end":{"line":344,"column":13}},"type":"if","locations":[{"start":{"line":342,"column":12},"end":{"line":344,"column":13}},{"start":{"line":342,"column":12},"end":{"line":344,"column":13}}],"line":342},"56":{"loc":{"start":{"line":342,"column":16},"end":{"line":342,"column":66}},"type":"binary-expr","locations":[{"start":{"line":342,"column":16},"end":{"line":342,"column":24}},{"start":{"line":342,"column":29},"end":{"line":342,"column":44}},{"start":{"line":342,"column":48},"end":{"line":342,"column":65}}],"line":342},"57":{"loc":{"start":{"line":390,"column":7},"end":{"line":390,"column":73}},"type":"if","locations":[{"start":{"line":390,"column":7},"end":{"line":390,"column":73}},{"start":{"line":390,"column":7},"end":{"line":390,"column":73}}],"line":390},"58":{"loc":{"start":{"line":395,"column":7},"end":{"line":395,"column":39}},"type":"if","locations":[{"start":{"line":395,"column":7},"end":{"line":395,"column":39}},{"start":{"line":395,"column":7},"end":{"line":395,"column":39}}],"line":395},"59":{"loc":{"start":{"line":411,"column":11},"end":{"line":411,"column":30}},"type":"default-arg","locations":[{"start":{"line":411,"column":23},"end":{"line":411,"column":30}}],"line":41
[...]
 is_client, is_function, is_promise, listen, listen_dev, loop, loop_guard, missing_component, mount_component, noop, not_equal, now, null_to_empty, object_without_properties, onDestroy, onMount, once, outro_and_destroy_block, prevent_default, prop_dev, query_selector_all, raf, run, run_all, safe_not_equal, schedule_update, select_multiple_value, select_option, select_options, select_value, self, setContext, set_attributes, set_current_component, set_custom_element_data, set_data, set_data_dev, set_input_type, set_input_value, set_now, set_raf, set_store_value, set_style, set_svg_attributes, space, spread, stop_propagation, subscribe, svg_element, text, tick, time_ranges_to_array, to_number, toggle_class, transition_in, transition_out, update_keyed_each, validate_component, validate_each_argument, validate_each_keys, validate_slots, validate_store, xlink_attr };\n","<script>\n  'use strict';\n\n  export let firstName = \"Jasky\";\n  export let lastName = \"Coderson\";\n\n  $: fullName = `${firstName} ${lastName}`;\n</script>\n\n<main>\n  <h2>HELLOOOO {fullName} AGAIN</h2>\n</main>\n\n<style>\nh2 { \n    color: purple;\n    font-family: 'Comic Sans MS';\n    font-size: 2em;\n    }\n</style>","<script>\n  'use strict';\n\n  export let user = { loggedIn: false };\n\n  function toggle () {\n    user.loggedIn = !user.loggedIn;\n  }\n</script>\n\n\n{#if user.loggedIn}\n  <button on:click={toggle}>\n    Log out\n  </button>\n{:else}\n  <button on:click={toggle}>\n    Log in\n  </button>\n{/if}\n\n\n<style>\n</style>","<script>\n  'use strict';\n  let frameworks = [\n    { id: 1, name: \"Svetle\" },\n    { id: 2, name: \"Angular\" },\n    { id: 3, name: \"React\" },\n    { id: 4, name: \"Vue\" },\n  ];\n</script>\n\n\n<h1>List Frameworks</h1>\n<ul>\n    {#each frameworks as { id, name }}\n      <li>\n        { id } : { name }\n      </li>\n    {/each}\n</ul>\n\n\n<style>\n</style>","<script>\n  'use strict';\n  let m = { x: 0, y: 0 };\n\n  function handleMousemove({ clientX, clientY }) {\n    m.x = clientX;\n    m.y = clientY;\n  }\n</script>\n\n<div on:mousemove={handleMousemove}>\n  The mouse position is {m.x} x {m.y}\n</div>\n\n<style>\n  div {\n        width: 300px;\n        height: 300px;\n        color: purple;\n        background: lightseagreen;\n    }\n</style>","<script>\n  'use strict';\n  import Greeting from './Greeting.svelte';\n  import Login from './Login.svelte';\n  import FrameworkList from './FrameworkList.svelte';\n  import EventDemo from './EventDemo.svelte';\n  \n  export let name;\n</script>\n\n<main>\n\t<h1>Hello {name}!</h1>\n  <Greeting/>\n  <Login />\n  <FrameworkList />\n  <EventDemo/>\n</main>\n\n<style>\n\tmain {\n\t\ttext-align: center;\n\t\tpadding: 1em;\n\t\tmax-width: 240px;\n\t\tmargin: 0 auto;\n\t}\n\n\th1 {\n\t\tcolor: #ff3e00;\n\t\ttext-transform: uppercase;\n\t\tfont-size: 4em;\n\t\tfont-weight: 100;\n\t}\n\n\t@media (min-width: 640px) {\n\t\tmain {\n\t\t\tmax-width: none;\n\t\t}\n\t}\n</style>","import App from './App.svelte';\n\nconst app = new App({\n\ttarget: document.body,\n\tprops: {\n\t\tname: 'world'\n\t}\n});\n\nexport default app;"],"names":[],"mappings":";;;;;IAAA,SAAS,IAAI,GAAG,GAAG;IAWnB,SAAS,YAAY,CAAC,OAAO,EAAE,IAAI,EAAE,IAAI,EAAE,MAAM,EAAE,IAAI,EAAE;IACzD,IAAI,OAAO,CAAC,aAAa,GAAG;IAC5B,QAAQ,GAAG,EAAE,EAAE,IAAI,EAAE,IAAI,EAAE,MAAM,EAAE,IAAI,EAAE;IACzC,KAAK,CAAC;IACN,CAAC;IACD,SAAS,GAAG,CAAC,EAAE,EAAE;IACjB,IAAI,OAAO,EAAE,EAAE,CAAC;IAChB,CAAC;IACD,SAAS,YAAY,GAAG;IACxB,IAAI,OAAO,MAAM,CAAC,MAAM,CAAC,IAAI,CAAC,CAAC;IAC/B,CAAC;IACD,SAAS,OAAO,CAAC,GAAG,EAAE;IACtB,IAAI,GAAG,CAAC,OAAO,CAAC,GAAG,CAAC,CAAC;IACrB,CAAC;IACD,SAAS,WAAW,CAAC,KAAK,EAAE;IAC5B,IAAI,OAAO,OAAO,KAAK,KAAK,UAAU,CAAC;IACvC,CAAC;IACD,SAAS,cAAc,CAAC,CAAC,EAAE,CAAC,EAAE;IAC9B,IAAI,OAAO,CAAC,IAAI,CAAC,GAAG,CAAC,IAAI,CAAC,GAAG,CAAC,KAAK,CAAC,KAAK,CAAC,CAAC,IAAI,OAAO,CAAC,KAAK,QAAQ,KAAK,OAAO,CAAC,KAAK,UAAU,CAAC,CAAC;IAClG,CAAC;AAwID;IACA,SAAS,MAAM,CAAC,MAAM,EAAE,IAAI,EAAE;IAC9B,IAAI,MAAM,CAAC,WAAW,CAAC,IAAI,CAAC,CAAC;IAC7B,CAAC;IACD,SAAS,MAAM,CAAC,MAAM,EAAE,IAAI,EAAE,MAAM,EAAE;IACtC,IAAI,MAAM,CAAC,YAAY,CAAC,IAAI,EAAE,MAAM,IAAI,IAAI,CAAC,CAAC;IAC9C,CAAC;IACD,SAAS,MAAM,CAAC,IAAI,EAAE;IACtB,IAAI,IAAI,CAAC,UAAU,CAAC,WAAW,CAAC,IAAI,CAAC,CAAC;IACtC,CAAC;IACD,SAAS,YAAY,CAAC,UAAU,EAAE,SAAS,EAAE;IAC7C,IAAI,KAAK,IAAI,CAAC,GAAG,CAAC,EAAE,CAAC,GAAG,UAAU,CAAC,MAAM,EAAE,CAAC,IAAI,CAAC,EAAE;IACnD,QAAQ,IAAI,UAAU,CAAC,CAAC,CAAC;IACzB,YAAY,UAAU,CAAC,CAAC,CAAC,CAAC,CAAC,CAAC,SAAS,CAAC,CAAC;IACvC,KAAK;IACL,CAAC;IACD,SAAS,OAAO,CAAC,IAAI,EAAE;IACvB,IAAI,OAAO,QAAQ,CAAC,aAAa,CAAC,IAAI,CAAC,CAAC;IACxC,CAAC;IAmBD,SAAS,IAAI,CAAC,IAAI,EAAE;IACpB,IAAI,OAAO,QAAQ,CAAC,cAAc,CAAC,IAAI,CAAC,CAAC;IACzC,CAAC;IACD,SAAS,KAAK,GAAG;IACjB,IAAI,OAAO,IAAI,CAAC,GAAG,CAAC,CAAC;IACrB,CAAC;IACD,SAAS,KAAK,GAAG;IACjB,IAAI,OAAO,IAAI,CAAC,EAAE,CAAC,CAAC;IACpB,CAAC;IACD,SAAS,MAAM,CAAC,IAAI,EAAE,KAAK,EAAE,OAAO,EAAE,OAAO,EAAE;IAC/C,IAAI,IAAI,CAAC,gBAAgB,CAAC,KAAK,EAAE,OAAO,EAAE,OAAO,CAAC,CAAC;IACnD,IAAI,OAAO,MAAM,IAAI,CAAC,mBAAmB,CAAC,KAAK,EAAE,OAAO,EAAE,OAAO,CAAC,CAAC;IACnE,CAAC;IAsBD,SAAS,IAAI,CAAC,IAAI,EAAE,SAAS,EAAE,KAAK,EAAE;IACtC,IAAI,IAAI,KAAK,IAAI,IAAI;IACrB,QAAQ,IAAI,CAAC,eAAe,CAAC,SAAS,CAAC,CAAC;IACxC,SAAS,IAAI,IAAI,CAAC,YAAY,CAAC,SAAS,CAAC,KAAK,KAAK;IACnD,QAAQ,IAAI,CAAC,YAAY,CAAC,SAAS,EAAE,KAAK,CAAC,CAAC;IAC5C,CAAC;IAqDD,SAAS,QAAQ,CAAC,OAAO,EAAE;IAC3B,IAAI,OAAO,KAAK,CAAC,IAAI,CAAC,OAAO,CAAC,UAAU,CAAC,CAAC;IAC1C,CAAC;IA4GD,SAAS,YAAY,CAAC,IAAI,EAAE,MAAM,EAAE;IACpC,IAAI,MAAM,CAAC,GAAG,QAAQ,CAAC,WAAW,CAAC,aAAa,CAAC,CAAC;IAClD,IAAI,CAAC,CAAC,eAAe,CAAC,IAAI,EAAE,KAAK,EAAE,KAAK,EAAE,MAAM,CAAC,CAAC;IAClD,IAAI,OAAO,CAAC,CAAC;IACb,CAAC;AA+JD;IACA,IAAI,iBAAiB,CAAC;IACtB,SAAS,qBAAqB,CAAC,SAAS,EAAE;IAC1C,IAAI,iBAAiB,GAAG,SAAS,CAAC;IAClC,CAAC;AA+CD;IACA,MAAM,gBAAgB,GAAG,EAAE,CAAC;IAE5B,MAAM,iBAAiB,GAAG,EAAE,CAAC;IAC7B,MAAM,gBAAgB,GAAG,EAAE,CAAC;IAC5B,MAAM,eAAe,GAAG,EAAE,CAAC;IAC3B,MAAM,gBAAgB,GAAG,OAAO,CAAC,OAAO,EAAE,CAAC;IAC3C,IAAI,gBAAgB,GAAG,KAAK,CAAC;IAC7B,SAAS,eAAe,GAAG;IAC3B,IAAI,IAAI,CAAC,gBAAgB,EAAE;IAC3B,QAAQ,gBAAgB,GAAG,IAAI,CAAC;IAChC,QAAQ,gBAAgB,CAAC,IAAI,CAAC,KAAK,CAAC,CAAC;IACrC,KAAK;IACL,CAAC;IAKD,SAAS,mBAAmB,CAAC,EAAE,EAAE;IACjC,IAAI,gBAAgB,CAAC,IAAI,CAAC,EAAE,CAAC,CAAC;IAC9B,CAAC;IAID,IAAI,QAAQ,GAAG,KAAK,CAAC;IACrB,MAAM,cAAc,GAAG,IAAI,GAAG,EAAE,CAAC;IACjC,SAAS,KAAK,GAAG;IACjB,IAAI,IAAI,QAAQ;IAChB,QAAQ,OAAO;IACf,IAAI,QAAQ,GAAG,IAAI,CAAC;IACpB,IAAI,GAAG;IACP;IACA;IACA,QAAQ,KAAK,IAAI,CAAC,GAAG,CAAC,EAAE,CAAC,GAAG,gBAAgB,CAAC,MAAM,EAAE,CAAC,IAAI,CAAC,EAAE;IAC7D,YAAY,MAAM,SAAS,GAAG,gBAAgB,CAAC,CAAC,CAAC,CAAC;IAClD,YAAY,qBAAqB,CAAC,SAAS,CAAC,CAAC;IAC7C,YAAY,MAAM,CAAC,SAAS,CAAC,EAAE,CAAC,CAAC;IACjC,SAAS;IACT,QAAQ,gBAAgB,CAAC,MAAM,GAAG,CAAC,CAAC;IACpC,QAAQ,OAAO,iBAAiB,CAAC,MAAM;IACvC,YAAY,iBAAiB,CAAC,GAAG,EAAE,EAAE,CAAC;IACtC;IACA;IACA;IACA,QAAQ,KAAK,IAAI,CAAC,GAAG,CAAC,EAAE,CAAC,GAAG,gBAAgB,CAAC,MAAM,EAAE,CAAC,IAAI,CAAC,EAAE;IAC7D,YAAY,MAAM,QAAQ,GAAG,gBAAgB,CAAC,CAAC,CAAC,CAAC;IACjD,YAAY,IAAI,CAAC,cAAc,CAAC,GAAG,CAAC,QAAQ,CAAC,EAAE;IAC/C;IACA,gBAAgB,cAAc,CAAC,GAAG,CAAC,QAAQ,CAAC,CAAC;IAC7C,gBAAgB,QAAQ,EAAE,CAAC;IAC3B,aAAa;IACb,SAAS;IACT,QAAQ,gBAAgB,CAAC,MAAM,GAAG,CAAC,CAAC;IACpC,KAAK,QAAQ,gBAAgB,CAAC,MAAM,EAAE;IACtC,IAAI,OAAO,eAAe,CAAC,MAAM,EAAE;IACnC,QAAQ,eAAe,CAAC,GAAG,EAAE,EAAE,CAAC;IAChC,KAAK;IACL,IAAI,gBAAgB,GAAG,KAAK,CAAC;IAC7B,IAAI,QAAQ,GAAG,KAAK,CAAC;IACrB,IAAI,cAAc,CAAC,KAAK,EAAE,CAAC;IAC3B,CAAC;IACD,SAAS,MAAM,CAAC,EAAE,EAAE;IACpB,IAAI,IAAI,EAAE,CAAC,QAAQ,KAAK,IAAI,EAAE;IAC9B,QAAQ,EAAE,CAAC,MAAM,EAAE,CAAC;IACpB,QAAQ,OAAO,CAAC,EAAE,CAAC,aAAa,CAAC,CAAC;IAClC,QAAQ,MAAM,KAAK,GAAG,EAAE,CAAC,KAAK,CAAC;IAC/B,QAAQ,EAAE,CAAC,KAAK,GAAG,CAAC,CAAC,CAAC,CAAC,CAAC;IACxB,QAAQ,EAAE,CAAC,QAAQ,IAAI,EAAE,CAAC,QAAQ,CAAC,CAAC,CAAC,EAAE,CAAC,GAAG,EAAE,KAAK,CAAC,CAAC;IACpD,QAAQ,EAAE,CAAC,YAAY,CAAC,OAAO,CAAC,mBAAmB,CAAC,CAAC;IACrD,KAAK;IACL,CAAC;IAeD,MAAM,QAAQ,GAAG,IAAI,GAAG,EAAE,CAAC;IAC3B,IAAI,MAAM,CAAC;IAcX,SAAS,aAAa,CAAC,KAAK,EAAE,KAAK,EAAE;IACrC,IAAI,IAAI,KAAK,IAAI,KAAK,CAAC,CAAC,EAAE;IAC1B,QAAQ,QAAQ,CAAC,MAAM,CAAC,KAAK,CAAC,CAAC;IAC/B,QAAQ,KAAK,CAAC,CAAC,CAAC,KAAK,CAAC,CAAC;IACvB,KAAK;IACL,CAAC;IACD,SAAS,cAAc,CAAC,KAAK,EAAE,KAAK,EAAE,MAAM,EAAE,QAAQ,EAAE;IACxD,IAAI,IAAI,KAAK,IAAI,KAAK,CAAC,CAAC,EAAE;IAC1B,QAAQ,IAAI,QAAQ,CAAC,GAAG,CAAC,KAAK,CAAC;IAC/B,YAAY,OAAO;IACnB,QAAQ,QAAQ,CAAC,GAAG,CAAC,KAAK,CAAC,CAAC;IAC5B,QAAQ,MAAM,CAAC,CAAC,CAAC,IAAI,CAAC,MAAM;IAC5B,YAAY,QAAQ,CAAC,MAAM,CAAC,KAAK,CAAC,CAAC;IACnC,YAAY,IAAI,QAAQ,EAAE;IAC1B,gBAAgB,IAAI,MAAM;IAC1B,oBAAoB,KAAK,CAAC,CAAC,CAAC,CAAC,CAAC,CAAC;IAC/B,gBAAgB,QAAQ,EAAE,CAAC;IAC3B,aAAa;IACb,SAAS,CAAC,CAAC;IACX,QAAQ,KAAK,CAAC,CAAC,CAAC,KAAK,CAAC,CAAC;IACvB,KAAK;IACL,CAAC;IAikBD,SAAS,gBAAgB,CAAC,KAAK,EAAE;IACjC,IAAI,KAAK,IAAI,KAAK,CAAC,CAAC,EAAE,CAAC;IACvB,CAAC;IAID,SAAS,eAAe,CAAC,SAAS,EAAE,MAAM,EAAE,MAAM,EAAE;IACpD,IAAI,MAAM,EAAE,QAAQ,EAAE,QAAQ,EAAE,UAAU,EAAE,YAAY,EAAE,GAAG,SAAS,CAAC,EAAE,CAAC;IAC1E,IAAI,QAAQ,IAAI,QAAQ,CAAC,CAAC,CAAC,MAAM,EAAE,MAAM,CAAC,CAAC;IAC3C;IACA,IAAI,mBAAmB,CAAC,MAAM;IAC9B,QAAQ,MAAM,cAAc,GAAG,QAAQ,CAAC,GAAG,CAAC,GAAG,CAAC,CAAC,MAAM,CAAC,WAAW,CAAC,CAAC;IACrE,QAAQ,IAAI,UAAU,EAAE;IACxB,YAAY,UAAU,CAAC,IAAI,CAAC,GAAG,cAAc,CAAC,CAAC;IAC/C,SAAS;IACT,aAAa;IACb;IACA;IACA,YAAY,OAAO,CAAC,cAAc,CAAC,CAAC;IACpC,SAAS;IACT,QAAQ,SAAS,CAAC,EAAE,CAAC,QAAQ,GAAG,EAAE,CAAC;IACnC,KAAK,CAAC,CAAC;IACP,IAAI,YAAY,CAAC,OAAO,CAAC,mBAAmB,CAAC,CAAC;IAC9C,CAAC;IACD,SAAS,iBAAiB,CAAC,SAAS,EAAE,SAAS,EAAE;IACjD,IAAI,MAAM,EAAE,GAAG,SAAS,CAAC,EAAE,CAAC;IAC5B,IAAI,IAAI,EAAE,CAAC,QAAQ,KAAK,IAAI,EAAE;IAC9B,QAAQ,OAAO,CAAC,EAAE,CAAC,UAAU,CAAC,CAAC;IAC/B,QAAQ,EAAE,CAAC,QAAQ,IAAI,EAAE,CAAC,QAAQ,CAAC,CAAC,CAAC,SAAS,CAAC,CAAC;IAChD;IACA;IACA,QAAQ,EAAE,CAAC,UAAU,GAAG,EAAE,CAAC,QAAQ,GAAG,IAAI,CAAC;IAC3C,QAAQ,EAAE,CAAC,GAAG,GAAG,EAAE,CAAC;IACpB,KAAK;IACL,CAAC;IACD,SAAS,UAAU,CAAC,SAAS,EAAE,CAAC,EAAE;IAClC,IAAI,IAAI,SAAS,CAAC,EAAE,CAAC,KAAK,CAAC,CAAC,CAAC,KAAK,CAAC,CAAC,EAAE;IACtC,QAAQ,gBAAgB,CAAC,IAAI,CAAC,SAAS,CAAC,CAAC;IACzC,QAAQ,eAAe,EAAE,CAAC;IAC1B,QAAQ,SAAS,CAAC,EAAE,CAAC,KAAK,CAAC,IAAI,CAAC,CAAC,CAAC,CAAC;IACnC,KAAK;IACL,IAAI,SAAS,CAAC,EAAE,CAAC,KAAK,CAAC,CAAC,CAAC,GAAG,EAAE,IAAI,CAAC,CAAC,KAAK,CAAC,KAAK,CAAC,GAAG,EAAE,CAAC,CAAC,CAAC;IACxD,CAAC;IACD,SAAS,IAAI,CAAC,SAAS,EAAE,OAAO,EAAE,QAAQ,EAAE,eAAe,EAAE,SAAS,EAAE,KAAK,EAAE,KAAK,GAAG,CAAC,CAAC,CAAC,CAAC,EAAE;IAC7F,IAAI,MAAM,gBAAgB,GAAG,iBAAiB,CAAC;IAC/C,IAAI,qBAAqB,CAAC,SAAS,CAAC,CAAC;IACrC,IAAI,MAAM,WAAW,GAAG,OAAO,CAAC,KAAK,IAAI,EAAE,CAAC;IAC5C,IAAI,MAAM,EAAE,GAAG,SAAS,CAAC,EAAE,GAAG;IAC9B,QAAQ,QAAQ,EAAE,IAAI;IACtB,QAAQ,GAAG,EAAE,IAAI;IACjB;IACA,QAAQ,KAAK;IACb,QAAQ,MAAM,EAAE,IAAI;IACpB,QAAQ,SAAS;IACjB,QAAQ,KAAK,EAAE,YAAY,EAAE;IAC7B;IACA,QAAQ,QAAQ,EAAE,EAAE;IACpB,QAAQ,UAAU,EAAE,EAAE;IACtB,QAAQ,aAAa,EAAE,EAAE;IACzB,QAAQ,YAAY,EAAE,EAAE;IACxB,QAAQ,OAAO,EAAE,IAAI,GAAG,CAAC,gBAAgB,GAAG,gBAAgB,CAAC,EAAE,CAAC,OAAO,GAAG,EAAE,CAAC;IAC7E;IACA,QAAQ,SAAS,EAAE,YAAY,EAAE;IACjC,QAAQ,KAAK;IACb,KAAK,CAAC;IACN,IAAI,IAAI,KAAK,GAAG,KAAK,CAAC;IACtB,IAAI,EAAE,CAAC,GAAG,GAAG,QAAQ;IACrB,UAAU,QAAQ,CAAC,SAAS,EAAE,WAAW,EAAE,CAAC,CAAC,EAAE,GAAG,EAAE,GAAG,IAAI,KAAK;IAChE,YAAY,MAAM,KAAK,GAAG,IAAI,CAAC,MAAM,GAAG,IAAI,CAAC,CAAC,CAAC,GAAG,GAAG,CAAC;IACtD,YAAY,IAAI,EAAE,CAAC,GAAG,IAAI,SAAS,CAAC,EAAE,CAAC,GAAG,CAAC,CAAC,CAAC,EAAE,EAAE,CAAC,GAAG,CAAC,CAAC,CAAC,GAAG,KAAK,CAAC,EAAE;IACnE,gBAAgB,IAAI,EAAE,CAAC,KAAK,CAAC,CAAC,CAAC;IAC/B,oBAAoB,EAAE,CAAC,KAAK,CAAC,CAAC,CAAC,CAAC,KAAK,CAAC,CAAC;IACvC,gBAAgB,IAAI,KAAK;IACzB,oBAAoB,UAAU,CAAC,SAAS,EAAE,CAAC,CAAC,CAAC;IAC7C,aAAa;IACb,YAAY,OAAO,GAAG,CAAC;IACvB,SAAS,CAAC;IACV,UAAU,EAAE,CAAC;IACb,IAAI,EAAE,CAAC,MAAM,EAAE,CAAC;IAChB,IAAI,KAAK,GAAG,IAAI,CAAC;IACjB,IAAI,OAAO,CAAC,EAAE,CAAC,aAAa,CAAC,CAAC;IAC9B;IACA,IAAI,EAAE,CAAC,QAAQ,GAAG,eAAe,GAAG,eAAe,CAAC,EAAE,CAAC,GAAG,CAAC,GAAG,KAAK,CAAC;IACpE,IAAI,IAAI,OAAO,CAAC,MAAM,EAAE;IACxB,QAAQ,IAAI,OAAO,CAAC,OAAO,EAAE;IAC7B,YAAY,MAAM,KAAK,GAAG,QAAQ,CAAC,OAAO,CAAC,MAAM,CAAC,CAAC;IACnD;IACA,YAAY,EAAE,CAAC,QAAQ,IAAI,EAAE,CAAC,QAAQ,CAAC,CAAC,CAAC,KAAK,CAAC,CAAC;IAChD,YAAY,KAAK,CAAC,OAAO,CAAC,MAAM,CAAC,CAAC;IAClC,SAAS;IACT,aAAa;IACb;IACA,YAAY,EAAE,CAAC,QAAQ,IAAI,EAAE,CAAC,QAAQ,CAAC,CAAC,EAAE,CAAC;IAC3C,SAAS;IACT,QAAQ,IAAI,OAAO,CAAC,KAAK;IACzB,YAAY,aAAa,CAAC,SAAS,CAAC,EAAE,CAAC,QAAQ,CAAC,CAAC;IACjD,QAAQ,eAAe,CAAC,SAAS,EAAE,OAAO,CAAC,MAAM,EAAE,OAAO,CAAC,MAAM,CAAC,CAAC;IACnE,QAAQ,KAAK,EAAE,CAAC;IAChB,KAAK;IACL,IAAI,qBAAqB,CAAC,gBAAgB,CAAC,CAAC;IAC5C,CAAC;IAqCD,MAAM,eAAe,CAAC;IACtB,IAAI,QAAQ,GAAG;IACf,QAAQ,iBAAiB,CAAC,IAAI,EAAE,CAAC,CAAC,CAAC;IACnC,QAAQ,IAAI,CAAC,QAAQ,GAAG,IAAI,CAAC;IAC7B,KAAK;IACL,IAAI,GAAG,CAAC,IAAI,EAAE,QAAQ,EAAE;IACxB,QAAQ,MAAM,SAAS,IAAI,IAAI,CAAC,EAAE,CAAC,SAAS,CAAC,IAAI,CAAC,KAAK,IAAI,CAAC,EAAE,CAAC,SAAS,CAAC,IAAI,CAAC,GAAG,EAAE,CAAC,CAAC,CAAC;IACtF,QAAQ,SAAS,CAAC,IAAI,CAAC,QAAQ,CAAC,CAAC;IACjC,QAAQ,OAAO,MAAM;IACrB,YAAY,MAAM,KAAK,GAAG,SAAS,CAAC,OAAO,CAAC,QAAQ,CAAC,CAAC;IACtD,YAAY,IAAI,KAAK,KAAK,CAAC,CAAC;IAC5B,gBAAgB,SAAS,CAAC,MAAM,CAAC,KAAK,EAAE,CAAC,CAAC,CAAC;IAC3C,SAAS,CAAC;IACV,KAAK;IACL,IAAI,IAAI,GAAG;IACX;IACA,KAAK;IACL,CAAC;AACD;IACA,SAAS,YAAY,CAAC,IAAI,EAAE,MAAM,EAAE;IACpC,IAAI,QAAQ,CAAC,aAAa,CAAC,YAAY,CAAC,IAAI,EAAE,MAAM,CAAC,MAAM,CAAC,EAAE,OAAO,EAAE,QAAQ,EAAE,EAAE,MAAM,CAAC,CAAC,CAAC,CAAC;IAC7F,CAAC;IACD,SAAS,UAAU,CAAC,MAAM,EAAE,IAAI,EAAE;IAClC,IAAI,YAAY,CAAC,iBAAiB,EAAE,EAAE,MAAM,EAAE,IAAI,EAAE,CAAC,CAAC;IACtD,IAAI,MAAM,CAAC,MAAM,EAAE,IAAI,CAAC,CAAC;IACzB,CAAC;IACD,SAAS,UAAU,CAAC,MAAM,EAAE,IAAI,EAAE,MAAM,EAAE;IAC1C,IAAI,YAAY,CAAC,iBAAiB,EAAE,EAAE,MAAM,EAAE,IAAI,EAAE,MAAM,EAAE,CAAC,CAAC;IAC9D,IAAI,MAAM,CAAC,MAAM,EAAE,IAAI,EAAE,MAAM,CAAC,CAAC;IACjC,CAAC;IACD,SAAS,UAAU,CAAC,IAAI,EAAE;IAC1B,IAAI,YAAY,CAAC,iBAAiB,EAAE,EAAE,IAAI,EAAE,CAAC,CAAC;IAC9C,IAAI,MAAM,CAAC,IAAI,CAAC,CAAC;IACjB,CAAC;IAgBD,SAAS,UAAU,CAAC,IAAI,EAAE,KAAK,EAAE,OAAO,EAAE,OAAO,EAAE,mBAAmB,EAAE,oBAAoB,EAAE;IAC9F,IAAI,MAAM,SAAS,GAAG,OAAO,KAAK,IAAI,GAAG,CAAC,SAAS,CAAC,GAAG,OAAO,GAAG,KAAK,CAAC,IAAI,CAAC,MAAM,CAAC,IAAI,CAAC,OAAO,CAAC,CAAC,GAAG,EAAE,CAAC;IACvG,IAAI,IAAI,mBAAmB;IAC3B,QAAQ,SAAS,CAAC,IAAI,CAAC,gBAAgB,CAAC,CAAC;IACzC,IAAI,IAAI,oBAAoB;IAC5B,QAAQ,SAAS,CAAC,IAAI,CAAC,iBAAiB,CAAC,CAAC;IAC1C,IAAI,YAAY,CAAC,2BAA2B,EAAE,EAAE,IAAI,EAAE,KAAK,EAAE,OAAO,EAAE,SAAS,EAAE,CAAC,CAAC;IACnF,IAAI,MAAM,OAAO,GAAG,MAAM,CAAC,IAAI,EAAE,KAAK,EAAE,OAAO,EAAE,OAAO,CAAC,CAAC;IAC1D,IAAI,OAAO,MAAM;IACjB,QAAQ,YAAY,CAAC,8BAA8B,EAAE,EAAE,IAAI,EAAE,KAAK,EAAE,OAAO,EAAE,SAAS,EAAE,CAAC,CAAC;IAC1F,QAAQ,OAAO,EAAE,CAAC;IAClB,KAAK,CAAC;IACN,CAAC;IACD,SAAS,QAAQ,CAAC,IAAI,EAAE,SAAS,EAAE,KAAK,EAAE;IAC1C,IAAI,IAAI,CAAC,IAAI,EAAE,SAAS,EAAE,KAAK,CAAC,CAAC;IACjC,IAAI,IAAI,KAAK,IAAI,IAAI;IACrB,QAAQ,YAAY,CAAC,0BAA0B,EAAE,EAAE,IAAI,EAAE,SAAS,EAAE,CAAC,CAAC;IACtE;IACA,QAAQ,YAAY,CAAC,uBAAuB,EAAE,EAAE,IAAI,EAAE,SAAS,EAAE,KAAK,EAAE,CAAC,CAAC;IAC1E,CAAC;IASD,SAAS,YAAY,CAAC,IAAI,EAAE,IAAI,EAAE;IAClC,IAAI,IAAI,GAAG,EAAE,GAAG,IAAI,CAAC;IACrB,IAAI,IAAI,IAAI,CAAC,IAAI,KAAK,IAAI;IAC1B,QAAQ,OAAO;IACf,IAAI,YAAY,CAAC,kBAAkB,EAAE,EAAE,IAAI,EAAE,IAAI,EAAE,IAAI,EAAE,CAAC,CAAC;IAC3D,IAAI,IAAI,CAAC,IAAI,GAAG,IAAI,CAAC;IACrB,CAAC;IACD,SAAS,sBAAsB,CAAC,GAAG,EAAE;IACrC,IAAI,IAAI,OAAO,GAAG,KAAK,QAAQ,IAAI,EAAE,GAAG,IAAI,OAAO,GAAG,KAAK,QAAQ,IAAI,QAAQ,IAAI,GAAG,CAAC,EAAE;IACzF,QAAQ,IAAI,GAAG,GAAG,gDAAgD,CAAC;IACnE,QAAQ,IAAI,OAAO,MAAM,KAAK,UAAU,IAAI,GAAG,IAAI,MAAM,CAAC,QAAQ,IAAI,GAAG,EAAE;IAC3E,YAAY,GAAG,IAAI,+DAA+D,CAAC;IACnF,SAAS;IACT,QAAQ,MAAM,IAAI,KAAK,CAAC,GAAG,CAAC,CAAC;IAC7B,KAAK;IACL,CAAC;IACD,SAAS,cAAc,CAAC,IAAI,EAAE,IAAI,EAAE,IAAI,EAAE;IAC1C,IAAI,KAAK,MAAM,QAAQ,IAAI,MAAM,CAAC,IAAI,CAAC,IAAI,CAAC,EAAE;IAC9C,QAAQ,IAAI,CAAC,CAAC,IAAI,CAAC,OAAO,CAAC,QAAQ,CAAC,EAAE;IACtC,YAAY,OAAO,CAAC,IAAI,CAAC,CAAC,CAAC,EAAE,IAAI,CAAC,+BAA+B,EAAE,QAAQ,CAAC,EAAE,CAAC,CAAC,CAAC;IACjF,SAAS;IACT,KAAK;IACL,CAAC;IACD,MAAM,kBAAkB,SAAS,eAAe,CAAC;IACjD,IAAI,WAAW,CAAC,OAAO,EAAE;IACzB,QAAQ,IAAI,CAAC,OAAO,KAAK,CAAC,OAAO,CAAC,MAAM,IAAI,CAAC,OAAO,CAAC,QAAQ,CAAC,EAAE;IAChE,YAAY,MAAM,IAAI,KAAK,CAAC,CAAC,6BAA6B,CAAC,CAAC,CAAC;IAC7D,SAAS;IACT,QAAQ,KAAK,EAAE,CAAC;IAChB,KAAK;IACL,IAAI,QAAQ,GAAG;IACf,QAAQ,KAAK,CAAC,QAAQ,EAAE,CAAC;IACzB,QAAQ,IAAI,CAAC,QAAQ,GAAG,MAAM;IAC9B,YAAY,OAAO,CAAC,IAAI,CAAC,CAAC,+BAA+B,CAAC,CAAC,CAAC;IAC5D,SAAS,CAAC;IACV,KAAK;IACL,IAAI,cAAc,GAAG,GAAG;IACxB,IAAI,aAAa,GAAG,GAAG;IACvB;;;;;;;;;;;;;;;;;;8BCvhDgB,GAAQ;;;;;;;;;;;;;;;;;iEAAR,GAAQ;;;;;;;;;;;;;;;;;;;;;WAPX,SAAS,GAAG,OAAO;WACnB,QAAQ,GAAG,UAAU;;;;;;;;;;;;;;;;;;;;;;;;;;;;;;;OAEhC,iBAAG,QAAQ,MAAM,SAAS,IAAI,QAAQ;;;;;;;;;;;;;;;;;;;;;;;;;;;;;;;;;;;;;;;;;;;;;;;;;;;;;;;wDCUpB,GAAM;;;;;;;;;;;;;;;;;;;;;;;;;;;;;;;;;;wDAJN,GAAM;;;;;;;;;;;;;;;;;;;;;;;;mBADrB,GAAI,IAAC,QAAQ;;;;;;;;;;;;;;;;;;;;;;;;;;;;;;;;;;;;;;;;;;;;;;;;;;;;WARL,IAAI,KAAK,QAAQ,EAAE,KAAK;;cAE1B,MAAM;sBACb,IAAI,CAAC,QAAQ,IAAI,IAAI,CAAC,QAAQ;;;;;;;;;;;;;;;;;;;;;;;;;;;;;;;;;;;;;;;;;;;;;;;;;;;;;;;;;;;;;;;;;2BCSxB,GAAE;;;6BAAO,GAAI;;;;;;;;;;;;;;;;;;;;;;;;;;;;;;;;;;;;;;;;;qCAFZ,GAAU;;;;oCAAf,MAAI;;;;;;;;;;;;;;;;;;;;;;;;;;;;;;;;oCAAC,GAAU;;;;mCAAf,MAAI;;;;;;;;;;;;;;;;wCAAJ,MAAI;;;;;;;;;;;;;;;;;;;;;;;;;;SAXJ,UAAU;QACV,EAAE,EAAE,CAAC,EAAE,IAAI,EAAE,QAAQ;QACrB,EAAE,EAAE,CAAC,EAAE,IAAI,EAAE,SAAS;QACtB,EAAE,EAAE,CAAC,EAAE,IAAI,EAAE,OAAO;QACpB,EAAE,EAAE,CAAC,EAAE,IAAI,EAAE,KAAK;;;;;;;;;;;;;;;;;;;;;;;;;;;;;;;;;;;;;;;;;;;;;0BCKC,GAAC,IAAC,CAAC;;;0BAAK,GAAC,IAAC,CAAC;;;;;;;;;;;;;;;;;;;;;;;;kEADjB,GAAe;;;6DACT,GAAC,IAAC,CAAC;6DAAK,GAAC,IAAC,CAAC;;;;;;;;;;;;;;;;;;;;;;SAT9B,CAAC,KAAK,CAAC,EAAE,CAAC,EAAE,CAAC,EAAE,CAAC;;cAEX,eAAe,GAAG,OAAO,EAAE,OAAO;sBACzC,CAAC,CAAC,CAAC,GAAG,OAAO;sBACb,CAAC,CAAC,CAAC,GAAG,OAAO;;;;;;;;;;;;;;;;;;;;;;;;;;;;;;;;;;;;;;;;;;;;;;;;;;;;;;;;;;;;;;0BCKL,GAAI;;;;;;;;;;;;;;;;;;;;;;;;;;;;;;;;;;;qEAAJ,GAAI;;;;;;;;;;;;;;;;;;;;;;;;;;;;;;;;;;;;;;WAJH,IAAI;;;;;;;;;;;;;;;;;;;;;;;;;;;;;;;;;;;;;;;;;;;;;;;;;;;;;;;;;;;;;;ICLjB,MAAM,GAAG,GAAG,IAAI,GAAG,CAAC;IACpB,CAAC,MAAM,EAAE,QAAQ,CAAC,IAAI;IACtB,CAAC,KAAK,EAAE;IACR,EAAE,IAAI,EAAE,OAAO;IACf,EAAE;IACF,CAAC,CAAC,CAAC;;;;;;;;"},"all":true},"/home/jaskaran/fun/programming-timer/rollup.config.js":{"path":"/home/jaskaran/fun/programming-timer/rollup.config.js","statementMap":{"0":{"start":{"line":7,"column":19},"end":{"line":7,"column":44}},"1":{"start":{"line":24,"column":4},"end":{"line":24,"column":41}},"2":{"start":{"line":57,"column":15},"end":{"line":57,"column":20}},"3":{"start":{"line":59,"column":1},"end":{"line":70,"column":3}},"4":{"start":{"line":61,"column":3},"end":{"line":68,"column":4}},"5":{"start":{"line":62,"column":4},"end":{"line":62,"column":19}},"6":{"start":{"line":64,"column":4},"end":{"line":67,"column":7}}},"fnMap":{"0":{"name":"(anonymous_0)","decl":{"start":{"line":23,"column":8},"end":{"line":23,"column":9}},"loc":{"start":{"line":23,"column":15},"end":{"line":25,"column":4}},"line":23},"1":{"name":"serve","decl":{"start":{"line":56,"column":9},"end":{"line":56,"column":14}},"loc":{"start":{"line":56,"column":17},"end":{"line":71,"column":1}},"line":56},"2":{"name":"(anonymous_2)","decl":{"start":{"line":60,"column":2},"end":{"line":60,"column":3}},"loc":{"start":{"line":60,"column":16},"end":{"line":69,"column":3}},"line":60}},"branchMap":{"0":{"loc":{"start":{"line":41,"column":2},"end":{"line":41,"column":24}},"type":"binary-expr","locations":[{"start":{"line":41,"column":2},"end":{"line":41,"column":13}},{"start":{"line":41,"column":17},"end":{"line":41,"column":24}}],"line":41},"1":{"loc":{"start":{"line":45,"column":2},"end":{"line":45,"column":37}},"type":"binary-expr","locations":[{"start":{"line":45,"column":2},"end":{"line":45,"column":13}},{"start":{"line":45,"column":17},"end":{"line":45,"column":37}}],"line":45},"2":{"loc":{"start":{"line":49,"column":2},"end":{"line":49,"column":24}},"type":"binary-expr","locations":[{"start":{"line":49,"column":2},"end":{"line":49,"column":12}},{"start":{"line":49,"column":16},"end":{"line":49,"column":24}}],"line":49},"3":{"loc":{"start":{"line":61,"column":3},"end":{"line":68,"column":4}},"type":"if","locations":[{"start":{"line":61,"column":3},"end":{"line":68,"column":4}},{"start":{"line":61,"column":3},"end":{"line":68,"column":4}}],"line":61}},"s":{"0":0,"1":0,"2":0,"3":0,"4":0,"5":0,"6":0},"f":{"0":0,"1":0,"2":0},"b":{"0":[0,0],"1":[0,0],"2":[0,0],"3":[0,0]},"all":true},"/home/jaskaran/fun/programming-timer/src/main.js":{"path":"/home/jaskaran/fun/programming-timer/src/main.js","statementMap":{"0":{"start":{"line":3,"column":12},"end":{"line":8,"column":2}}},"fnMap":{},"branchMap":{},"s":{"0":0},"f":{},"b":{},"all":true}}